{"C:\\Users\\Joep\\Documents\\Everyware\\Webs5\\restrace\\config\\database.js":{"path":"C:\\Users\\Joep\\Documents\\Everyware\\Webs5\\restrace\\config\\database.js","s":{"1":1},"b":{},"f":{},"fnMap":{},"statementMap":{"1":{"start":{"line":1,"column":0},"end":{"line":6,"column":1}}},"branchMap":{}},"C:\\Users\\Joep\\Documents\\Everyware\\Webs5\\restrace\\config\\passport.js":{"path":"C:\\Users\\Joep\\Documents\\Everyware\\Webs5\\restrace\\config\\passport.js","s":{"1":1,"2":1,"3":1,"4":1,"5":1,"6":1,"7":0,"8":1,"9":0,"10":0,"11":1,"12":0,"13":0,"14":0,"15":0,"16":0,"17":0,"18":0,"19":0,"20":0,"21":0,"22":0,"23":0,"24":0,"25":0,"26":0,"27":0,"28":0,"29":0,"30":0,"31":0,"32":0,"33":1,"34":0,"35":0,"36":0,"37":0,"38":0,"39":0,"40":0,"41":0,"42":0,"43":1,"44":0,"45":0,"46":0,"47":0,"48":0,"49":0,"50":0,"51":0,"52":0,"53":0,"54":0,"55":0,"56":0,"57":0,"58":0,"59":0,"60":0,"61":0,"62":0,"63":0,"64":0,"65":0,"66":0,"67":0,"68":0},"b":{"1":[0,0],"2":[0,0],"3":[0,0],"4":[0,0],"5":[0,0],"6":[0,0],"7":[0,0],"8":[0,0],"9":[0,0],"10":[0,0],"11":[0,0],"12":[0,0],"13":[0,0]},"f":{"1":1,"2":0,"3":0,"4":0,"5":0,"6":0,"7":0,"8":0,"9":0,"10":0,"11":0,"12":0,"13":0,"14":0,"15":0,"16":0,"17":0},"fnMap":{"1":{"name":"(anonymous_1)","line":13,"loc":{"start":{"line":13,"column":17},"end":{"line":13,"column":36}}},"2":{"name":"(anonymous_2)","line":16,"loc":{"start":{"line":16,"column":27},"end":{"line":16,"column":48}}},"3":{"name":"(anonymous_3)","line":21,"loc":{"start":{"line":21,"column":29},"end":{"line":21,"column":48}}},"4":{"name":"(anonymous_4)","line":22,"loc":{"start":{"line":22,"column":26},"end":{"line":22,"column":46}}},"5":{"name":"(anonymous_5)","line":39,"loc":{"start":{"line":39,"column":0},"end":{"line":39,"column":37}}},"6":{"name":"(anonymous_6)","line":41,"loc":{"start":{"line":41,"column":25},"end":{"line":41,"column":36}}},"7":{"name":"(anonymous_7)","line":44,"loc":{"start":{"line":44,"column":49},"end":{"line":44,"column":77}}},"8":{"name":"(anonymous_8)","line":56,"loc":{"start":{"line":56,"column":30},"end":{"line":56,"column":44}}},"9":{"name":"(anonymous_9)","line":68,"loc":{"start":{"line":68,"column":33},"end":{"line":68,"column":47}}},"10":{"name":"(anonymous_10)","line":89,"loc":{"start":{"line":89,"column":10},"end":{"line":89,"column":47}}},"11":{"name":"(anonymous_11)","line":91,"loc":{"start":{"line":91,"column":29},"end":{"line":91,"column":40}}},"12":{"name":"(anonymous_12)","line":92,"loc":{"start":{"line":92,"column":52},"end":{"line":92,"column":72}}},"13":{"name":"(anonymous_13)","line":122,"loc":{"start":{"line":122,"column":4},"end":{"line":122,"column":54}}},"14":{"name":"(anonymous_14)","line":125,"loc":{"start":{"line":125,"column":25},"end":{"line":125,"column":36}}},"15":{"name":"(anonymous_15)","line":131,"loc":{"start":{"line":131,"column":61},"end":{"line":131,"column":81}}},"16":{"name":"(anonymous_16)","line":152,"loc":{"start":{"line":152,"column":37},"end":{"line":152,"column":51}}},"17":{"name":"(anonymous_17)","line":174,"loc":{"start":{"line":174,"column":26},"end":{"line":174,"column":40}}}},"statementMap":{"1":{"start":{"line":4,"column":0},"end":{"line":4,"column":58}},"2":{"start":{"line":5,"column":0},"end":{"line":5,"column":61}},"3":{"start":{"line":8,"column":0},"end":{"line":8,"column":48}},"4":{"start":{"line":11,"column":0},"end":{"line":11,"column":35}},"5":{"start":{"line":13,"column":0},"end":{"line":185,"column":2}},"6":{"start":{"line":16,"column":4},"end":{"line":18,"column":7}},"7":{"start":{"line":17,"column":8},"end":{"line":17,"column":28}},"8":{"start":{"line":21,"column":4},"end":{"line":25,"column":7}},"9":{"start":{"line":22,"column":8},"end":{"line":24,"column":11}},"10":{"start":{"line":23,"column":12},"end":{"line":23,"column":28}},"11":{"start":{"line":33,"column":4},"end":{"line":76,"column":8}},"12":{"start":{"line":41,"column":8},"end":{"line":75,"column":11}},"13":{"start":{"line":44,"column":12},"end":{"line":74,"column":15}},"14":{"start":{"line":46,"column":16},"end":{"line":47,"column":37}},"15":{"start":{"line":47,"column":20},"end":{"line":47,"column":37}},"16":{"start":{"line":49,"column":16},"end":{"line":50,"column":105}},"17":{"start":{"line":50,"column":20},"end":{"line":50,"column":105}},"18":{"start":{"line":52,"column":16},"end":{"line":73,"column":17}},"19":{"start":{"line":53,"column":20},"end":{"line":53,"column":40}},"20":{"start":{"line":54,"column":20},"end":{"line":54,"column":45}},"21":{"start":{"line":55,"column":20},"end":{"line":55,"column":70}},"22":{"start":{"line":56,"column":20},"end":{"line":60,"column":23}},"23":{"start":{"line":57,"column":20},"end":{"line":58,"column":34}},"24":{"start":{"line":58,"column":24},"end":{"line":58,"column":34}},"25":{"start":{"line":59,"column":24},"end":{"line":59,"column":48}},"26":{"start":{"line":65,"column":20},"end":{"line":65,"column":45}},"27":{"start":{"line":66,"column":20},"end":{"line":66,"column":48}},"28":{"start":{"line":67,"column":20},"end":{"line":67,"column":76}},"29":{"start":{"line":68,"column":20},"end":{"line":72,"column":23}},"30":{"start":{"line":69,"column":20},"end":{"line":70,"column":34}},"31":{"start":{"line":70,"column":24},"end":{"line":70,"column":34}},"32":{"start":{"line":71,"column":24},"end":{"line":71,"column":51}},"33":{"start":{"line":84,"column":4},"end":{"line":106,"column":12}},"34":{"start":{"line":91,"column":12},"end":{"line":105,"column":15}},"35":{"start":{"line":92,"column":12},"end":{"line":104,"column":19}},"36":{"start":{"line":94,"column":16},"end":{"line":95,"column":37}},"37":{"start":{"line":95,"column":20},"end":{"line":95,"column":37}},"38":{"start":{"line":97,"column":16},"end":{"line":98,"column":90}},"39":{"start":{"line":98,"column":20},"end":{"line":98,"column":90}},"40":{"start":{"line":99,"column":16},"end":{"line":103,"column":44}},"41":{"start":{"line":100,"column":20},"end":{"line":100,"column":97}},"42":{"start":{"line":103,"column":20},"end":{"line":103,"column":44}},"43":{"start":{"line":111,"column":4},"end":{"line":183,"column":8}},"44":{"start":{"line":125,"column":8},"end":{"line":181,"column":11}},"45":{"start":{"line":128,"column":12},"end":{"line":179,"column":13}},"46":{"start":{"line":131,"column":16},"end":{"line":161,"column":19}},"47":{"start":{"line":135,"column":20},"end":{"line":136,"column":41}},"48":{"start":{"line":136,"column":24},"end":{"line":136,"column":41}},"49":{"start":{"line":139,"column":20},"end":{"line":159,"column":21}},"50":{"start":{"line":140,"column":24},"end":{"line":140,"column":48}},"51":{"start":{"line":143,"column":24},"end":{"line":143,"column":60}},"52":{"start":{"line":146,"column":24},"end":{"line":146,"column":60}},"53":{"start":{"line":147,"column":24},"end":{"line":147,"column":55}},"54":{"start":{"line":148,"column":24},"end":{"line":148,"column":104}},"55":{"start":{"line":149,"column":24},"end":{"line":149,"column":73}},"56":{"start":{"line":152,"column":24},"end":{"line":158,"column":27}},"57":{"start":{"line":153,"column":28},"end":{"line":154,"column":42}},"58":{"start":{"line":154,"column":32},"end":{"line":154,"column":42}},"59":{"start":{"line":157,"column":28},"end":{"line":157,"column":55}},"60":{"start":{"line":165,"column":16},"end":{"line":165,"column":47}},"61":{"start":{"line":168,"column":16},"end":{"line":168,"column":49}},"62":{"start":{"line":169,"column":16},"end":{"line":169,"column":44}},"63":{"start":{"line":170,"column":16},"end":{"line":170,"column":93}},"64":{"start":{"line":171,"column":16},"end":{"line":171,"column":62}},"65":{"start":{"line":174,"column":16},"end":{"line":178,"column":19}},"66":{"start":{"line":175,"column":20},"end":{"line":176,"column":34}},"67":{"start":{"line":176,"column":24},"end":{"line":176,"column":34}},"68":{"start":{"line":177,"column":20},"end":{"line":177,"column":44}}},"branchMap":{"1":{"line":46,"type":"if","locations":[{"start":{"line":46,"column":16},"end":{"line":46,"column":16}},{"start":{"line":46,"column":16},"end":{"line":46,"column":16}}]},"2":{"line":49,"type":"if","locations":[{"start":{"line":49,"column":16},"end":{"line":49,"column":16}},{"start":{"line":49,"column":16},"end":{"line":49,"column":16}}]},"3":{"line":52,"type":"if","locations":[{"start":{"line":52,"column":16},"end":{"line":52,"column":16}},{"start":{"line":52,"column":16},"end":{"line":52,"column":16}}]},"4":{"line":57,"type":"if","locations":[{"start":{"line":57,"column":20},"end":{"line":57,"column":20}},{"start":{"line":57,"column":20},"end":{"line":57,"column":20}}]},"5":{"line":69,"type":"if","locations":[{"start":{"line":69,"column":20},"end":{"line":69,"column":20}},{"start":{"line":69,"column":20},"end":{"line":69,"column":20}}]},"6":{"line":94,"type":"if","locations":[{"start":{"line":94,"column":16},"end":{"line":94,"column":16}},{"start":{"line":94,"column":16},"end":{"line":94,"column":16}}]},"7":{"line":97,"type":"if","locations":[{"start":{"line":97,"column":16},"end":{"line":97,"column":16}},{"start":{"line":97,"column":16},"end":{"line":97,"column":16}}]},"8":{"line":99,"type":"if","locations":[{"start":{"line":99,"column":16},"end":{"line":99,"column":16}},{"start":{"line":99,"column":16},"end":{"line":99,"column":16}}]},"9":{"line":128,"type":"if","locations":[{"start":{"line":128,"column":12},"end":{"line":128,"column":12}},{"start":{"line":128,"column":12},"end":{"line":128,"column":12}}]},"10":{"line":135,"type":"if","locations":[{"start":{"line":135,"column":20},"end":{"line":135,"column":20}},{"start":{"line":135,"column":20},"end":{"line":135,"column":20}}]},"11":{"line":139,"type":"if","locations":[{"start":{"line":139,"column":20},"end":{"line":139,"column":20}},{"start":{"line":139,"column":20},"end":{"line":139,"column":20}}]},"12":{"line":153,"type":"if","locations":[{"start":{"line":153,"column":28},"end":{"line":153,"column":28}},{"start":{"line":153,"column":28},"end":{"line":153,"column":28}}]},"13":{"line":175,"type":"if","locations":[{"start":{"line":175,"column":20},"end":{"line":175,"column":20}},{"start":{"line":175,"column":20},"end":{"line":175,"column":20}}]}}},"C:\\Users\\Joep\\Documents\\Everyware\\Webs5\\restrace\\app\\models\\users.js":{"path":"C:\\Users\\Joep\\Documents\\Everyware\\Webs5\\restrace\\app\\models\\users.js","s":{"1":1,"2":1,"3":1,"4":1,"5":1,"6":0,"7":1,"8":0,"9":1,"10":0,"11":0,"12":0,"13":0,"14":0,"15":0,"16":0,"17":0,"18":1,"19":0,"20":0,"21":0,"22":0,"23":0,"24":0,"25":0,"26":0,"27":1},"b":{"1":[0,0],"2":[0,0],"3":[0,0],"4":[0,0]},"f":{"1":0,"2":0,"3":0,"4":0,"5":0,"6":0},"fnMap":{"1":{"name":"(anonymous_1)","line":26,"loc":{"start":{"line":26,"column":34},"end":{"line":26,"column":53}}},"2":{"name":"(anonymous_2)","line":31,"loc":{"start":{"line":31,"column":35},"end":{"line":31,"column":54}}},"3":{"name":"(anonymous_3)","line":34,"loc":{"start":{"line":34,"column":32},"end":{"line":34,"column":47}}},"4":{"name":"(anonymous_4)","line":39,"loc":{"start":{"line":39,"column":47},"end":{"line":39,"column":61}}},"5":{"name":"(anonymous_5)","line":50,"loc":{"start":{"line":50,"column":37},"end":{"line":50,"column":52}}},"6":{"name":"(anonymous_6)","line":55,"loc":{"start":{"line":55,"column":47},"end":{"line":55,"column":61}}}},"statementMap":{"1":{"start":{"line":3,"column":0},"end":{"line":3,"column":35}},"2":{"start":{"line":4,"column":0},"end":{"line":4,"column":40}},"3":{"start":{"line":6,"column":0},"end":{"line":6,"column":30}},"4":{"start":{"line":9,"column":0},"end":{"line":22,"column":3}},"5":{"start":{"line":26,"column":0},"end":{"line":28,"column":2}},"6":{"start":{"line":27,"column":4},"end":{"line":27,"column":66}},"7":{"start":{"line":31,"column":0},"end":{"line":33,"column":2}},"8":{"start":{"line":32,"column":4},"end":{"line":32,"column":61}},"9":{"start":{"line":34,"column":0},"end":{"line":48,"column":6}},"10":{"start":{"line":35,"column":8},"end":{"line":37,"column":9}},"11":{"start":{"line":36,"column":12},"end":{"line":36,"column":28}},"12":{"start":{"line":39,"column":8},"end":{"line":39,"column":93}},"13":{"start":{"line":39,"column":63},"end":{"line":39,"column":89}},"14":{"start":{"line":40,"column":8},"end":{"line":45,"column":9}},"15":{"start":{"line":41,"column":12},"end":{"line":44,"column":13}},"16":{"start":{"line":43,"column":16},"end":{"line":43,"column":28}},"17":{"start":{"line":47,"column":8},"end":{"line":47,"column":21}},"18":{"start":{"line":50,"column":4},"end":{"line":64,"column":6}},"19":{"start":{"line":51,"column":8},"end":{"line":53,"column":9}},"20":{"start":{"line":52,"column":12},"end":{"line":52,"column":28}},"21":{"start":{"line":55,"column":8},"end":{"line":55,"column":93}},"22":{"start":{"line":55,"column":63},"end":{"line":55,"column":89}},"23":{"start":{"line":56,"column":8},"end":{"line":61,"column":9}},"24":{"start":{"line":57,"column":12},"end":{"line":60,"column":13}},"25":{"start":{"line":59,"column":16},"end":{"line":59,"column":29}},"26":{"start":{"line":63,"column":8},"end":{"line":63,"column":20}},"27":{"start":{"line":67,"column":0},"end":{"line":67,"column":52}}},"branchMap":{"1":{"line":35,"type":"if","locations":[{"start":{"line":35,"column":8},"end":{"line":35,"column":8}},{"start":{"line":35,"column":8},"end":{"line":35,"column":8}}]},"2":{"line":41,"type":"if","locations":[{"start":{"line":41,"column":12},"end":{"line":41,"column":12}},{"start":{"line":41,"column":12},"end":{"line":41,"column":12}}]},"3":{"line":51,"type":"if","locations":[{"start":{"line":51,"column":8},"end":{"line":51,"column":8}},{"start":{"line":51,"column":8},"end":{"line":51,"column":8}}]},"4":{"line":57,"type":"if","locations":[{"start":{"line":57,"column":12},"end":{"line":57,"column":12}},{"start":{"line":57,"column":12},"end":{"line":57,"column":12}}]}}},"C:\\Users\\Joep\\Documents\\Everyware\\Webs5\\restrace\\config\\auth.js":{"path":"C:\\Users\\Joep\\Documents\\Everyware\\Webs5\\restrace\\config\\auth.js","s":{"1":1},"b":{},"f":{},"fnMap":{},"statementMap":{"1":{"start":{"line":2,"column":0},"end":{"line":22,"column":2}}},"branchMap":{}},"C:\\Users\\Joep\\Documents\\Everyware\\Webs5\\restrace\\app\\models\\waypoint.js":{"path":"C:\\Users\\Joep\\Documents\\Everyware\\Webs5\\restrace\\app\\models\\waypoint.js","s":{"1":1,"2":1,"3":1,"4":0,"5":0,"6":0,"7":0,"8":0,"9":1,"10":1},"b":{"1":[0,0]},"f":{"1":1,"2":0,"3":0,"4":0},"fnMap":{"1":{"name":"(anonymous_1)","line":1,"loc":{"start":{"line":1,"column":11},"end":{"line":1,"column":29}}},"2":{"name":"(anonymous_2)","line":10,"loc":{"start":{"line":10,"column":44},"end":{"line":10,"column":81}}},"3":{"name":"(anonymous_3)","line":11,"loc":{"start":{"line":11,"column":34},"end":{"line":11,"column":62}}},"4":{"name":"(anonymous_4)","line":13,"loc":{"start":{"line":13,"column":32},"end":{"line":13,"column":60}}}},"statementMap":{"1":{"start":{"line":1,"column":0},"end":{"line":26,"column":2}},"2":{"start":{"line":2,"column":1},"end":{"line":8,"column":4}},"3":{"start":{"line":10,"column":1},"end":{"line":20,"column":3}},"4":{"start":{"line":11,"column":2},"end":{"line":19,"column":5}},"5":{"start":{"line":12,"column":3},"end":{"line":18,"column":4}},"6":{"start":{"line":13,"column":4},"end":{"line":15,"column":7}},"7":{"start":{"line":14,"column":5},"end":{"line":14,"column":29}},"8":{"start":{"line":17,"column":4},"end":{"line":17,"column":28}},"9":{"start":{"line":25,"column":1},"end":{"line":25,"column":51}},"10":{"start":{"line":28,"column":0},"end":{"line":28,"column":22}}},"branchMap":{"1":{"line":12,"type":"if","locations":[{"start":{"line":12,"column":3},"end":{"line":12,"column":3}},{"start":{"line":12,"column":3},"end":{"line":12,"column":3}}]}}},"C:\\Users\\Joep\\Documents\\Everyware\\Webs5\\restrace\\app\\models\\race.js":{"path":"C:\\Users\\Joep\\Documents\\Everyware\\Webs5\\restrace\\app\\models\\race.js","s":{"1":1,"2":1,"3":1,"4":1,"5":1,"6":3,"7":3,"8":3,"9":1,"10":3,"11":1,"12":1,"13":1},"b":{"1":[1,2]},"f":{"1":1,"2":3},"fnMap":{"1":{"name":"(anonymous_1)","line":3,"loc":{"start":{"line":3,"column":11},"end":{"line":3,"column":29}}},"2":{"name":"(anonymous_2)","line":25,"loc":{"start":{"line":25,"column":28},"end":{"line":25,"column":44}}}},"statementMap":{"1":{"start":{"line":1,"column":0},"end":{"line":1,"column":52}},"2":{"start":{"line":3,"column":0},"end":{"line":40,"column":2}},"3":{"start":{"line":5,"column":1},"end":{"line":5,"column":47}},"4":{"start":{"line":7,"column":1},"end":{"line":23,"column":4}},"5":{"start":{"line":25,"column":1},"end":{"line":32,"column":4}},"6":{"start":{"line":26,"column":2},"end":{"line":26,"column":31}},"7":{"start":{"line":27,"column":2},"end":{"line":27,"column":27}},"8":{"start":{"line":28,"column":4},"end":{"line":30,"column":6}},"9":{"start":{"line":29,"column":9},"end":{"line":29,"column":71}},"10":{"start":{"line":31,"column":5},"end":{"line":31,"column":12}},"11":{"start":{"line":33,"column":1},"end":{"line":33,"column":37}},"12":{"start":{"line":39,"column":1},"end":{"line":39,"column":43}},"13":{"start":{"line":42,"column":0},"end":{"line":42,"column":22}}},"branchMap":{"1":{"line":28,"type":"if","locations":[{"start":{"line":28,"column":4},"end":{"line":28,"column":4}},{"start":{"line":28,"column":4},"end":{"line":28,"column":4}}]}}},"C:\\Users\\Joep\\Documents\\Everyware\\Webs5\\restrace\\config\\connect-roles.js":{"path":"C:\\Users\\Joep\\Documents\\Everyware\\Webs5\\restrace\\config\\connect-roles.js","s":{"1":1,"2":1,"3":1,"4":0,"5":0,"6":1,"7":0,"8":0,"9":0,"10":0,"11":0,"12":1,"13":0,"14":0,"15":0,"16":0,"17":1,"18":0,"19":0,"20":0,"21":0,"22":1,"23":0,"24":0,"25":0,"26":0,"27":1,"28":0,"29":0,"30":0,"31":0,"32":1,"33":0,"34":0,"35":0,"36":0,"37":1,"38":0,"39":0,"40":0,"41":1,"42":0,"43":0,"44":0,"45":1,"46":0,"47":0,"48":0,"49":1,"50":0,"51":0,"52":1},"b":{"1":[0,0],"2":[0,0],"3":[0,0],"4":[0,0],"5":[0,0],"6":[0,0],"7":[0,0],"8":[0,0],"9":[0,0],"10":[0,0],"11":[0,0],"12":[0,0],"13":[0,0],"14":[0,0],"15":[0,0],"16":[0,0]},"f":{"1":1,"2":0,"3":0,"4":0,"5":0,"6":0,"7":0,"8":0,"9":0,"10":0,"11":0,"12":0},"fnMap":{"1":{"name":"(anonymous_1)","line":3,"loc":{"start":{"line":3,"column":17},"end":{"line":3,"column":27}}},"2":{"name":"(anonymous_2)","line":5,"loc":{"start":{"line":5,"column":20},"end":{"line":5,"column":48}}},"3":{"name":"(anonymous_3)","line":11,"loc":{"start":{"line":11,"column":31},"end":{"line":11,"column":46}}},"4":{"name":"(anonymous_4)","line":19,"loc":{"start":{"line":19,"column":24},"end":{"line":19,"column":39}}},"5":{"name":"(anonymous_5)","line":26,"loc":{"start":{"line":26,"column":24},"end":{"line":26,"column":39}}},"6":{"name":"(anonymous_6)","line":33,"loc":{"start":{"line":33,"column":27},"end":{"line":33,"column":42}}},"7":{"name":"(anonymous_7)","line":40,"loc":{"start":{"line":40,"column":33},"end":{"line":40,"column":48}}},"8":{"name":"(anonymous_8)","line":47,"loc":{"start":{"line":47,"column":36},"end":{"line":47,"column":51}}},"9":{"name":"(anonymous_9)","line":54,"loc":{"start":{"line":54,"column":36},"end":{"line":54,"column":51}}},"10":{"name":"(anonymous_10)","line":59,"loc":{"start":{"line":59,"column":28},"end":{"line":59,"column":43}}},"11":{"name":"(anonymous_11)","line":64,"loc":{"start":{"line":64,"column":39},"end":{"line":64,"column":54}}},"12":{"name":"(anonymous_12)","line":70,"loc":{"start":{"line":70,"column":11},"end":{"line":70,"column":26}}}},"statementMap":{"1":{"start":{"line":1,"column":0},"end":{"line":1,"column":44}},"2":{"start":{"line":3,"column":0},"end":{"line":77,"column":2}},"3":{"start":{"line":4,"column":1},"end":{"line":9,"column":4}},"4":{"start":{"line":6,"column":5},"end":{"line":6,"column":20}},"5":{"start":{"line":7,"column":8},"end":{"line":7,"column":54}},"6":{"start":{"line":11,"column":1},"end":{"line":17,"column":4}},"7":{"start":{"line":12,"column":3},"end":{"line":12,"column":31}},"8":{"start":{"line":12,"column":18},"end":{"line":12,"column":30}},"9":{"start":{"line":13,"column":5},"end":{"line":16,"column":6}},"10":{"start":{"line":14,"column":6},"end":{"line":14,"column":26}},"11":{"start":{"line":15,"column":6},"end":{"line":15,"column":18}},"12":{"start":{"line":19,"column":1},"end":{"line":24,"column":4}},"13":{"start":{"line":20,"column":2},"end":{"line":20,"column":30}},"14":{"start":{"line":20,"column":17},"end":{"line":20,"column":29}},"15":{"start":{"line":21,"column":5},"end":{"line":23,"column":6}},"16":{"start":{"line":22,"column":6},"end":{"line":22,"column":18}},"17":{"start":{"line":26,"column":1},"end":{"line":31,"column":4}},"18":{"start":{"line":27,"column":2},"end":{"line":27,"column":30}},"19":{"start":{"line":27,"column":17},"end":{"line":27,"column":29}},"20":{"start":{"line":28,"column":5},"end":{"line":30,"column":6}},"21":{"start":{"line":29,"column":6},"end":{"line":29,"column":18}},"22":{"start":{"line":33,"column":2},"end":{"line":38,"column":4}},"23":{"start":{"line":34,"column":2},"end":{"line":34,"column":30}},"24":{"start":{"line":34,"column":17},"end":{"line":34,"column":29}},"25":{"start":{"line":35,"column":5},"end":{"line":37,"column":6}},"26":{"start":{"line":36,"column":6},"end":{"line":36,"column":18}},"27":{"start":{"line":40,"column":1},"end":{"line":45,"column":4}},"28":{"start":{"line":41,"column":2},"end":{"line":41,"column":30}},"29":{"start":{"line":41,"column":17},"end":{"line":41,"column":29}},"30":{"start":{"line":42,"column":5},"end":{"line":44,"column":6}},"31":{"start":{"line":43,"column":6},"end":{"line":43,"column":18}},"32":{"start":{"line":47,"column":1},"end":{"line":52,"column":4}},"33":{"start":{"line":48,"column":2},"end":{"line":48,"column":30}},"34":{"start":{"line":48,"column":17},"end":{"line":48,"column":29}},"35":{"start":{"line":49,"column":5},"end":{"line":51,"column":6}},"36":{"start":{"line":50,"column":6},"end":{"line":50,"column":18}},"37":{"start":{"line":54,"column":1},"end":{"line":57,"column":4}},"38":{"start":{"line":55,"column":2},"end":{"line":55,"column":30}},"39":{"start":{"line":55,"column":17},"end":{"line":55,"column":29}},"40":{"start":{"line":56,"column":2},"end":{"line":56,"column":14}},"41":{"start":{"line":59,"column":1},"end":{"line":62,"column":4}},"42":{"start":{"line":60,"column":2},"end":{"line":60,"column":30}},"43":{"start":{"line":60,"column":17},"end":{"line":60,"column":29}},"44":{"start":{"line":61,"column":2},"end":{"line":61,"column":14}},"45":{"start":{"line":64,"column":1},"end":{"line":67,"column":4}},"46":{"start":{"line":65,"column":2},"end":{"line":65,"column":30}},"47":{"start":{"line":65,"column":17},"end":{"line":65,"column":29}},"48":{"start":{"line":66,"column":2},"end":{"line":66,"column":14}},"49":{"start":{"line":70,"column":1},"end":{"line":74,"column":4}},"50":{"start":{"line":71,"column":4},"end":{"line":73,"column":5}},"51":{"start":{"line":72,"column":5},"end":{"line":72,"column":17}},"52":{"start":{"line":76,"column":1},"end":{"line":76,"column":14}}},"branchMap":{"1":{"line":12,"type":"if","locations":[{"start":{"line":12,"column":3},"end":{"line":12,"column":3}},{"start":{"line":12,"column":3},"end":{"line":12,"column":3}}]},"2":{"line":13,"type":"if","locations":[{"start":{"line":13,"column":5},"end":{"line":13,"column":5}},{"start":{"line":13,"column":5},"end":{"line":13,"column":5}}]},"3":{"line":20,"type":"if","locations":[{"start":{"line":20,"column":2},"end":{"line":20,"column":2}},{"start":{"line":20,"column":2},"end":{"line":20,"column":2}}]},"4":{"line":21,"type":"if","locations":[{"start":{"line":21,"column":5},"end":{"line":21,"column":5}},{"start":{"line":21,"column":5},"end":{"line":21,"column":5}}]},"5":{"line":27,"type":"if","locations":[{"start":{"line":27,"column":2},"end":{"line":27,"column":2}},{"start":{"line":27,"column":2},"end":{"line":27,"column":2}}]},"6":{"line":28,"type":"if","locations":[{"start":{"line":28,"column":5},"end":{"line":28,"column":5}},{"start":{"line":28,"column":5},"end":{"line":28,"column":5}}]},"7":{"line":34,"type":"if","locations":[{"start":{"line":34,"column":2},"end":{"line":34,"column":2}},{"start":{"line":34,"column":2},"end":{"line":34,"column":2}}]},"8":{"line":35,"type":"if","locations":[{"start":{"line":35,"column":5},"end":{"line":35,"column":5}},{"start":{"line":35,"column":5},"end":{"line":35,"column":5}}]},"9":{"line":41,"type":"if","locations":[{"start":{"line":41,"column":2},"end":{"line":41,"column":2}},{"start":{"line":41,"column":2},"end":{"line":41,"column":2}}]},"10":{"line":42,"type":"if","locations":[{"start":{"line":42,"column":5},"end":{"line":42,"column":5}},{"start":{"line":42,"column":5},"end":{"line":42,"column":5}}]},"11":{"line":48,"type":"if","locations":[{"start":{"line":48,"column":2},"end":{"line":48,"column":2}},{"start":{"line":48,"column":2},"end":{"line":48,"column":2}}]},"12":{"line":49,"type":"if","locations":[{"start":{"line":49,"column":5},"end":{"line":49,"column":5}},{"start":{"line":49,"column":5},"end":{"line":49,"column":5}}]},"13":{"line":55,"type":"if","locations":[{"start":{"line":55,"column":2},"end":{"line":55,"column":2}},{"start":{"line":55,"column":2},"end":{"line":55,"column":2}}]},"14":{"line":60,"type":"if","locations":[{"start":{"line":60,"column":2},"end":{"line":60,"column":2}},{"start":{"line":60,"column":2},"end":{"line":60,"column":2}}]},"15":{"line":65,"type":"if","locations":[{"start":{"line":65,"column":2},"end":{"line":65,"column":2}},{"start":{"line":65,"column":2},"end":{"line":65,"column":2}}]},"16":{"line":71,"type":"if","locations":[{"start":{"line":71,"column":4},"end":{"line":71,"column":4}},{"start":{"line":71,"column":4},"end":{"line":71,"column":4}}]}}},"C:\\Users\\Joep\\Documents\\Everyware\\Webs5\\restrace\\routes\\index.js":{"path":"C:\\Users\\Joep\\Documents\\Everyware\\Webs5\\restrace\\routes\\index.js","s":{"1":1,"2":1,"3":1,"4":0,"5":1},"b":{},"f":{"1":0},"fnMap":{"1":{"name":"(anonymous_1)","line":5,"loc":{"start":{"line":5,"column":16},"end":{"line":5,"column":41}}}},"statementMap":{"1":{"start":{"line":1,"column":0},"end":{"line":1,"column":33}},"2":{"start":{"line":2,"column":0},"end":{"line":2,"column":30}},"3":{"start":{"line":5,"column":0},"end":{"line":7,"column":3}},"4":{"start":{"line":6,"column":2},"end":{"line":6,"column":44}},"5":{"start":{"line":9,"column":0},"end":{"line":9,"column":24}}},"branchMap":{}},"C:\\Users\\Joep\\Documents\\Everyware\\Webs5\\restrace\\routes\\waypoints.js":{"path":"C:\\Users\\Joep\\Documents\\Everyware\\Webs5\\restrace\\routes\\waypoints.js","s":{"1":1,"2":1,"3":1,"4":1,"5":1,"6":1,"7":1,"8":1,"9":1,"10":1,"11":1},"b":{},"f":{"1":0,"2":0,"3":1},"fnMap":{"1":{"name":"getWaypoints","line":8,"loc":{"start":{"line":8,"column":0},"end":{"line":8,"column":31}}},"2":{"name":"RetrieveData","line":38,"loc":{"start":{"line":38,"column":0},"end":{"line":38,"column":30}}},"3":{"name":"(anonymous_3)","line":55,"loc":{"start":{"line":55,"column":17},"end":{"line":55,"column":39}}}},"statementMap":{"1":{"start":{"line":1,"column":0},"end":{"line":1,"column":33}},"2":{"start":{"line":2,"column":0},"end":{"line":2,"column":30}},"3":{"start":{"line":3,"column":0},"end":{"line":3,"column":29}},"4":{"start":{"line":4,"column":0},"end":{"line":4,"column":23}},"5":{"start":{"line":6,"column":0},"end":{"line":6,"column":16}},"6":{"start":{"line":8,"column":0},"end":{"line":36,"column":1}},"7":{"start":{"line":38,"column":0},"end":{"line":53,"column":1}},"8":{"start":{"line":55,"column":0},"end":{"line":63,"column":2}},"9":{"start":{"line":56,"column":1},"end":{"line":56,"column":27}},"10":{"start":{"line":59,"column":1},"end":{"line":60,"column":20}},"11":{"start":{"line":62,"column":1},"end":{"line":62,"column":15}}},"branchMap":{}},"C:\\Users\\Joep\\Documents\\Everyware\\Webs5\\restrace\\routes\\races.js":{"path":"C:\\Users\\Joep\\Documents\\Everyware\\Webs5\\restrace\\routes\\races.js","s":{"1":1,"2":1,"3":1,"4":1,"5":1,"6":1,"7":1,"8":1,"9":1,"10":1,"11":1,"12":1,"13":0,"14":1,"15":0,"16":0,"17":0,"18":0,"19":0,"20":0,"21":0,"22":0,"23":0,"24":0,"25":0,"26":0,"27":0,"28":0,"29":1,"30":1,"31":1,"32":1,"33":1,"34":0,"35":0,"36":0,"37":0,"38":0,"39":0,"40":0,"41":0,"42":0,"43":1,"44":1,"45":0,"46":0,"47":0,"48":1,"49":0,"50":0,"51":0,"52":1,"53":0,"54":1,"55":0,"56":0,"57":0,"58":0,"59":1,"60":0,"61":0,"62":0,"63":0,"64":1,"65":1,"66":0,"67":1,"68":1,"69":1,"70":2,"71":2,"72":2,"73":1,"74":1,"75":1,"76":1,"77":0,"78":0,"79":0,"80":0,"81":0,"82":1,"83":0,"84":0,"85":0,"86":0,"87":0,"88":0,"89":0,"90":0,"91":1,"92":0,"93":0,"94":0,"95":0,"96":0,"97":0,"98":1,"99":0,"100":0,"101":0,"102":0,"103":0,"104":0,"105":0,"106":0,"107":0,"108":0,"109":0,"110":0,"111":0,"112":0,"113":0,"114":1,"115":0,"116":0,"117":0,"118":0,"119":0,"120":0,"121":0,"122":0,"123":0,"124":0,"125":0,"126":1,"127":0,"128":0,"129":0,"130":0,"131":0,"132":0,"133":0,"134":0,"135":0,"136":0,"137":0,"138":0,"139":0,"140":1,"141":0,"142":0,"143":0,"144":0,"145":0,"146":0,"147":0,"148":0,"149":0,"150":0,"151":0,"152":0,"153":0,"154":0,"155":0,"156":1,"157":0,"158":0,"159":0,"160":0,"161":0,"162":0,"163":0,"164":0,"165":0,"166":0,"167":0,"168":1,"169":0,"170":0,"171":0,"172":0,"173":0,"174":0,"175":0,"176":0,"177":0,"178":0,"179":0,"180":0,"181":0,"182":0,"183":0,"184":0,"185":0,"186":0,"187":0,"188":0,"189":0,"190":0,"191":0,"192":0,"193":0,"194":0,"195":0,"196":0,"197":0,"198":0,"199":0,"200":0,"201":1,"202":0,"203":0,"204":0,"205":0,"206":1,"207":1,"208":1,"209":1,"210":1,"211":1,"212":1,"213":1,"214":1,"215":1,"216":1,"217":1,"218":1,"219":1},"b":{"1":[0,0],"2":[0,1],"3":[0,0],"4":[0,0],"5":[0,0],"6":[0,1],"7":[0,1],"8":[0,1],"9":[0,1],"10":[0,0],"11":[0,0],"12":[0,1],"13":[0,0],"14":[0,1],"15":[1,1],"16":[0,0],"17":[0,0],"18":[0,0],"19":[0,0],"20":[0,0],"21":[0,0],"22":[0,0],"23":[0,0],"24":[0,0],"25":[0,0],"26":[0,0],"27":[0,0],"28":[0,0],"29":[0,0],"30":[0,0],"31":[0,0],"32":[0,0],"33":[0,0],"34":[0,0],"35":[0,0],"36":[0,0],"37":[0,0],"38":[0,0],"39":[0,0],"40":[0,0],"41":[0,0],"42":[0,0],"43":[0,0],"44":[0,0],"45":[0,0],"46":[0,0],"47":[0,0],"48":[0,0]},"f":{"1":0,"2":0,"3":0,"4":0,"5":0,"6":0,"7":1,"8":0,"9":1,"10":2,"11":2,"12":0,"13":0,"14":0,"15":0,"16":0,"17":0,"18":0,"19":0,"20":0,"21":0,"22":0,"23":0,"24":0,"25":0,"26":0,"27":0,"28":0,"29":0,"30":0,"31":0,"32":0,"33":0,"34":0,"35":0,"36":0,"37":0,"38":0,"39":1},"fnMap":{"1":{"name":"getWaypointById","line":13,"loc":{"start":{"line":13,"column":0},"end":{"line":13,"column":37}}},"2":{"name":"fetchWaypoints","line":17,"loc":{"start":{"line":17,"column":0},"end":{"line":17,"column":39}}},"3":{"name":"(anonymous_3)","line":20,"loc":{"start":{"line":20,"column":23},"end":{"line":20,"column":41}}},"4":{"name":"(anonymous_4)","line":22,"loc":{"start":{"line":22,"column":18},"end":{"line":22,"column":36}}},"5":{"name":"(anonymous_5)","line":26,"loc":{"start":{"line":26,"column":28},"end":{"line":26,"column":49}}},"6":{"name":"(anonymous_6)","line":30,"loc":{"start":{"line":30,"column":19},"end":{"line":30,"column":35}}},"7":{"name":"getRaces","line":62,"loc":{"start":{"line":62,"column":0},"end":{"line":62,"column":27}}},"8":{"name":"(anonymous_8)","line":70,"loc":{"start":{"line":70,"column":116},"end":{"line":70,"column":135}}},"9":{"name":"(anonymous_9)","line":104,"loc":{"start":{"line":104,"column":36},"end":{"line":104,"column":77}}},"10":{"name":"addRace","line":117,"loc":{"start":{"line":117,"column":0},"end":{"line":117,"column":26}}},"11":{"name":"(anonymous_11)","line":119,"loc":{"start":{"line":119,"column":11},"end":{"line":119,"column":35}}},"12":{"name":"editRace","line":128,"loc":{"start":{"line":128,"column":0},"end":{"line":128,"column":27}}},"13":{"name":"(anonymous_13)","line":129,"loc":{"start":{"line":129,"column":57},"end":{"line":129,"column":76}}},"14":{"name":"deleteRace","line":153,"loc":{"start":{"line":153,"column":0},"end":{"line":153,"column":28}}},"15":{"name":"(anonymous_15)","line":154,"loc":{"start":{"line":154,"column":32},"end":{"line":154,"column":50}}},"16":{"name":"(anonymous_16)","line":159,"loc":{"start":{"line":159,"column":20},"end":{"line":159,"column":34}}},"17":{"name":"getWaypoints","line":166,"loc":{"start":{"line":166,"column":0},"end":{"line":166,"column":31}}},"18":{"name":"(anonymous_18)","line":168,"loc":{"start":{"line":168,"column":8},"end":{"line":168,"column":27}}},"19":{"name":"addWaypoint","line":178,"loc":{"start":{"line":178,"column":0},"end":{"line":178,"column":30}}},"20":{"name":"(anonymous_20)","line":179,"loc":{"start":{"line":179,"column":47},"end":{"line":179,"column":65}}},"21":{"name":"(anonymous_21)","line":180,"loc":{"start":{"line":180,"column":31},"end":{"line":180,"column":50}}},"22":{"name":"(anonymous_22)","line":185,"loc":{"start":{"line":185,"column":13},"end":{"line":185,"column":31}}},"23":{"name":"(anonymous_23)","line":187,"loc":{"start":{"line":187,"column":133},"end":{"line":187,"column":153}}},"24":{"name":"deleteWaypoint","line":196,"loc":{"start":{"line":196,"column":0},"end":{"line":196,"column":33}}},"25":{"name":"(anonymous_25)","line":197,"loc":{"start":{"line":197,"column":30},"end":{"line":197,"column":49}}},"26":{"name":"(anonymous_26)","line":202,"loc":{"start":{"line":202,"column":13},"end":{"line":202,"column":26}}},"27":{"name":"addParticipant","line":212,"loc":{"start":{"line":212,"column":0},"end":{"line":212,"column":33}}},"28":{"name":"(anonymous_28)","line":214,"loc":{"start":{"line":214,"column":30},"end":{"line":214,"column":49}}},"29":{"name":"(anonymous_29)","line":219,"loc":{"start":{"line":219,"column":12},"end":{"line":219,"column":30}}},"30":{"name":"addRaceTag","line":226,"loc":{"start":{"line":226,"column":0},"end":{"line":226,"column":29}}},"31":{"name":"(anonymous_31)","line":229,"loc":{"start":{"line":229,"column":30},"end":{"line":229,"column":49}}},"32":{"name":"(anonymous_32)","line":236,"loc":{"start":{"line":236,"column":12},"end":{"line":236,"column":30}}},"33":{"name":"deleteParticipant","line":248,"loc":{"start":{"line":248,"column":0},"end":{"line":248,"column":36}}},"34":{"name":"(anonymous_34)","line":249,"loc":{"start":{"line":249,"column":30},"end":{"line":249,"column":49}}},"35":{"name":"(anonymous_35)","line":254,"loc":{"start":{"line":254,"column":13},"end":{"line":254,"column":26}}},"36":{"name":"getResults","line":272,"loc":{"start":{"line":272,"column":0},"end":{"line":272,"column":29}}},"37":{"name":"(anonymous_37)","line":276,"loc":{"start":{"line":276,"column":30},"end":{"line":276,"column":49}}},"38":{"name":"checkDate","line":322,"loc":{"start":{"line":322,"column":0},"end":{"line":322,"column":27}}},"39":{"name":"(anonymous_39)","line":363,"loc":{"start":{"line":363,"column":17},"end":{"line":363,"column":49}}}},"statementMap":{"1":{"start":{"line":1,"column":0},"end":{"line":1,"column":33}},"2":{"start":{"line":2,"column":0},"end":{"line":2,"column":30}},"3":{"start":{"line":3,"column":0},"end":{"line":3,"column":29}},"4":{"start":{"line":4,"column":0},"end":{"line":4,"column":29}},"5":{"start":{"line":5,"column":0},"end":{"line":5,"column":33}},"6":{"start":{"line":6,"column":0},"end":{"line":6,"column":35}},"7":{"start":{"line":7,"column":0},"end":{"line":7,"column":23}},"8":{"start":{"line":8,"column":0},"end":{"line":8,"column":9}},"9":{"start":{"line":9,"column":0},"end":{"line":9,"column":13}},"10":{"start":{"line":10,"column":0},"end":{"line":10,"column":16}},"11":{"start":{"line":11,"column":0},"end":{"line":11,"column":43}},"12":{"start":{"line":13,"column":0},"end":{"line":15,"column":1}},"13":{"start":{"line":14,"column":1},"end":{"line":14,"column":128}},"14":{"start":{"line":17,"column":0},"end":{"line":37,"column":1}},"15":{"start":{"line":18,"column":1},"end":{"line":18,"column":21}},"16":{"start":{"line":19,"column":1},"end":{"line":19,"column":30}},"17":{"start":{"line":20,"column":1},"end":{"line":25,"column":4}},"18":{"start":{"line":21,"column":2},"end":{"line":21,"column":24}},"19":{"start":{"line":22,"column":2},"end":{"line":24,"column":5}},"20":{"start":{"line":23,"column":3},"end":{"line":23,"column":137}},"21":{"start":{"line":26,"column":1},"end":{"line":36,"column":4}},"22":{"start":{"line":27,"column":4},"end":{"line":27,"column":54}},"23":{"start":{"line":27,"column":13},"end":{"line":27,"column":52}},"24":{"start":{"line":29,"column":4},"end":{"line":29,"column":19}},"25":{"start":{"line":30,"column":4},"end":{"line":32,"column":7}},"26":{"start":{"line":31,"column":5},"end":{"line":31,"column":50}},"27":{"start":{"line":34,"column":4},"end":{"line":34,"column":31}},"28":{"start":{"line":35,"column":4},"end":{"line":35,"column":19}},"29":{"start":{"line":62,"column":0},"end":{"line":115,"column":1}},"30":{"start":{"line":63,"column":1},"end":{"line":63,"column":16}},"31":{"start":{"line":64,"column":1},"end":{"line":64,"column":19}},"32":{"start":{"line":65,"column":1},"end":{"line":65,"column":14}},"33":{"start":{"line":66,"column":1},"end":{"line":114,"column":2}},"34":{"start":{"line":67,"column":2},"end":{"line":67,"column":29}},"35":{"start":{"line":68,"column":2},"end":{"line":68,"column":28}},"36":{"start":{"line":69,"column":2},"end":{"line":69,"column":28}},"37":{"start":{"line":70,"column":2},"end":{"line":78,"column":5}},"38":{"start":{"line":71,"column":3},"end":{"line":71,"column":53}},"39":{"start":{"line":71,"column":12},"end":{"line":71,"column":51}},"40":{"start":{"line":73,"column":3},"end":{"line":77,"column":4}},"41":{"start":{"line":74,"column":4},"end":{"line":74,"column":36}},"42":{"start":{"line":76,"column":4},"end":{"line":76,"column":29}},"43":{"start":{"line":80,"column":2},"end":{"line":80,"column":15}},"44":{"start":{"line":81,"column":2},"end":{"line":85,"column":3}},"45":{"start":{"line":82,"column":3},"end":{"line":82,"column":43}},"46":{"start":{"line":83,"column":3},"end":{"line":83,"column":65}},"47":{"start":{"line":84,"column":3},"end":{"line":84,"column":34}},"48":{"start":{"line":86,"column":2},"end":{"line":90,"column":3}},"49":{"start":{"line":87,"column":3},"end":{"line":87,"column":40}},"50":{"start":{"line":88,"column":3},"end":{"line":88,"column":57}},"51":{"start":{"line":89,"column":3},"end":{"line":89,"column":32}},"52":{"start":{"line":91,"column":2},"end":{"line":93,"column":3}},"53":{"start":{"line":92,"column":3},"end":{"line":92,"column":51}},"54":{"start":{"line":94,"column":2},"end":{"line":98,"column":3}},"55":{"start":{"line":95,"column":3},"end":{"line":95,"column":49}},"56":{"start":{"line":96,"column":3},"end":{"line":96,"column":114}},"57":{"start":{"line":96,"column":50},"end":{"line":96,"column":113}},"58":{"start":{"line":97,"column":3},"end":{"line":97,"column":29}},"59":{"start":{"line":99,"column":2},"end":{"line":103,"column":3}},"60":{"start":{"line":100,"column":3},"end":{"line":100,"column":41}},"61":{"start":{"line":101,"column":3},"end":{"line":101,"column":80}},"62":{"start":{"line":101,"column":22},"end":{"line":101,"column":79}},"63":{"start":{"line":102,"column":3},"end":{"line":102,"column":21}},"64":{"start":{"line":104,"column":2},"end":{"line":113,"column":4}},"65":{"start":{"line":105,"column":3},"end":{"line":105,"column":53}},"66":{"start":{"line":105,"column":12},"end":{"line":105,"column":51}},"67":{"start":{"line":106,"column":3},"end":{"line":111,"column":4}},"68":{"start":{"line":112,"column":3},"end":{"line":112,"column":18}},"69":{"start":{"line":117,"column":0},"end":{"line":126,"column":1}},"70":{"start":{"line":118,"column":1},"end":{"line":118,"column":31}},"71":{"start":{"line":119,"column":1},"end":{"line":125,"column":4}},"72":{"start":{"line":120,"column":2},"end":{"line":124,"column":3}},"73":{"start":{"line":120,"column":11},"end":{"line":120,"column":50}},"74":{"start":{"line":122,"column":3},"end":{"line":122,"column":19}},"75":{"start":{"line":123,"column":3},"end":{"line":123,"column":23}},"76":{"start":{"line":128,"column":0},"end":{"line":151,"column":1}},"77":{"start":{"line":129,"column":1},"end":{"line":135,"column":4}},"78":{"start":{"line":130,"column":2},"end":{"line":134,"column":3}},"79":{"start":{"line":130,"column":11},"end":{"line":130,"column":50}},"80":{"start":{"line":132,"column":3},"end":{"line":132,"column":19}},"81":{"start":{"line":133,"column":3},"end":{"line":133,"column":18}},"82":{"start":{"line":153,"column":0},"end":{"line":164,"column":1}},"83":{"start":{"line":154,"column":4},"end":{"line":163,"column":6}},"84":{"start":{"line":155,"column":8},"end":{"line":158,"column":9}},"85":{"start":{"line":156,"column":12},"end":{"line":156,"column":33}},"86":{"start":{"line":157,"column":12},"end":{"line":157,"column":47}},"87":{"start":{"line":159,"column":8},"end":{"line":162,"column":11}},"88":{"start":{"line":160,"column":12},"end":{"line":160,"column":62}},"89":{"start":{"line":160,"column":21},"end":{"line":160,"column":60}},"90":{"start":{"line":161,"column":3},"end":{"line":161,"column":50}},"91":{"start":{"line":166,"column":0},"end":{"line":176,"column":1}},"92":{"start":{"line":167,"column":1},"end":{"line":175,"column":5}},"93":{"start":{"line":169,"column":3},"end":{"line":169,"column":53}},"94":{"start":{"line":169,"column":12},"end":{"line":169,"column":51}},"95":{"start":{"line":170,"column":3},"end":{"line":174,"column":4}},"96":{"start":{"line":171,"column":4},"end":{"line":171,"column":29}},"97":{"start":{"line":173,"column":4},"end":{"line":173,"column":19}},"98":{"start":{"line":178,"column":0},"end":{"line":194,"column":1}},"99":{"start":{"line":179,"column":1},"end":{"line":193,"column":4}},"100":{"start":{"line":180,"column":2},"end":{"line":192,"column":5}},"101":{"start":{"line":181,"column":3},"end":{"line":181,"column":53}},"102":{"start":{"line":181,"column":12},"end":{"line":181,"column":51}},"103":{"start":{"line":182,"column":3},"end":{"line":182,"column":81}},"104":{"start":{"line":182,"column":29},"end":{"line":182,"column":79}},"105":{"start":{"line":183,"column":3},"end":{"line":183,"column":111}},"106":{"start":{"line":183,"column":48},"end":{"line":183,"column":109}},"107":{"start":{"line":184,"column":3},"end":{"line":184,"column":37}},"108":{"start":{"line":185,"column":3},"end":{"line":191,"column":6}},"109":{"start":{"line":186,"column":4},"end":{"line":186,"column":54}},"110":{"start":{"line":186,"column":13},"end":{"line":186,"column":52}},"111":{"start":{"line":187,"column":4},"end":{"line":190,"column":6}},"112":{"start":{"line":188,"column":5},"end":{"line":188,"column":44}},"113":{"start":{"line":189,"column":5},"end":{"line":189,"column":20}},"114":{"start":{"line":196,"column":0},"end":{"line":210,"column":1}},"115":{"start":{"line":197,"column":1},"end":{"line":209,"column":4}},"116":{"start":{"line":198,"column":2},"end":{"line":198,"column":80}},"117":{"start":{"line":198,"column":28},"end":{"line":198,"column":78}},"118":{"start":{"line":199,"column":2},"end":{"line":199,"column":63}},"119":{"start":{"line":200,"column":2},"end":{"line":208,"column":3}},"120":{"start":{"line":201,"column":3},"end":{"line":201,"column":38}},"121":{"start":{"line":202,"column":3},"end":{"line":205,"column":6}},"122":{"start":{"line":203,"column":4},"end":{"line":203,"column":54}},"123":{"start":{"line":203,"column":13},"end":{"line":203,"column":52}},"124":{"start":{"line":204,"column":4},"end":{"line":204,"column":33}},"125":{"start":{"line":207,"column":3},"end":{"line":207,"column":58}},"126":{"start":{"line":212,"column":0},"end":{"line":224,"column":1}},"127":{"start":{"line":213,"column":1},"end":{"line":213,"column":29}},"128":{"start":{"line":214,"column":1},"end":{"line":223,"column":4}},"129":{"start":{"line":215,"column":2},"end":{"line":215,"column":52}},"130":{"start":{"line":215,"column":11},"end":{"line":215,"column":50}},"131":{"start":{"line":216,"column":2},"end":{"line":216,"column":116}},"132":{"start":{"line":216,"column":49},"end":{"line":216,"column":114}},"133":{"start":{"line":217,"column":2},"end":{"line":217,"column":80}},"134":{"start":{"line":217,"column":28},"end":{"line":217,"column":78}},"135":{"start":{"line":218,"column":2},"end":{"line":218,"column":38}},"136":{"start":{"line":219,"column":2},"end":{"line":222,"column":6}},"137":{"start":{"line":220,"column":3},"end":{"line":220,"column":53}},"138":{"start":{"line":220,"column":12},"end":{"line":220,"column":51}},"139":{"start":{"line":221,"column":4},"end":{"line":221,"column":19}},"140":{"start":{"line":226,"column":0},"end":{"line":246,"column":1}},"141":{"start":{"line":227,"column":1},"end":{"line":227,"column":29}},"142":{"start":{"line":228,"column":1},"end":{"line":228,"column":30}},"143":{"start":{"line":229,"column":1},"end":{"line":245,"column":4}},"144":{"start":{"line":230,"column":2},"end":{"line":230,"column":52}},"145":{"start":{"line":230,"column":11},"end":{"line":230,"column":50}},"146":{"start":{"line":231,"column":2},"end":{"line":231,"column":80}},"147":{"start":{"line":231,"column":28},"end":{"line":231,"column":78}},"148":{"start":{"line":233,"column":2},"end":{"line":243,"column":3}},"149":{"start":{"line":234,"column":2},"end":{"line":234,"column":61}},"150":{"start":{"line":235,"column":2},"end":{"line":235,"column":22}},"151":{"start":{"line":236,"column":2},"end":{"line":239,"column":6}},"152":{"start":{"line":237,"column":3},"end":{"line":237,"column":53}},"153":{"start":{"line":237,"column":12},"end":{"line":237,"column":51}},"154":{"start":{"line":238,"column":4},"end":{"line":238,"column":19}},"155":{"start":{"line":242,"column":3},"end":{"line":242,"column":68}},"156":{"start":{"line":248,"column":0},"end":{"line":262,"column":1}},"157":{"start":{"line":249,"column":1},"end":{"line":261,"column":4}},"158":{"start":{"line":250,"column":2},"end":{"line":250,"column":72}},"159":{"start":{"line":251,"column":2},"end":{"line":251,"column":80}},"160":{"start":{"line":251,"column":28},"end":{"line":251,"column":78}},"161":{"start":{"line":252,"column":2},"end":{"line":260,"column":3}},"162":{"start":{"line":253,"column":3},"end":{"line":253,"column":44}},"163":{"start":{"line":254,"column":3},"end":{"line":257,"column":6}},"164":{"start":{"line":255,"column":4},"end":{"line":255,"column":54}},"165":{"start":{"line":255,"column":13},"end":{"line":255,"column":52}},"166":{"start":{"line":256,"column":4},"end":{"line":256,"column":37}},"167":{"start":{"line":259,"column":3},"end":{"line":259,"column":61}},"168":{"start":{"line":272,"column":0},"end":{"line":320,"column":1}},"169":{"start":{"line":273,"column":1},"end":{"line":273,"column":21}},"170":{"start":{"line":274,"column":1},"end":{"line":274,"column":27}},"171":{"start":{"line":276,"column":1},"end":{"line":319,"column":4}},"172":{"start":{"line":277,"column":2},"end":{"line":277,"column":52}},"173":{"start":{"line":277,"column":11},"end":{"line":277,"column":50}},"174":{"start":{"line":278,"column":2},"end":{"line":278,"column":87}},"175":{"start":{"line":278,"column":27},"end":{"line":278,"column":85}},"176":{"start":{"line":279,"column":2},"end":{"line":279,"column":23}},"177":{"start":{"line":281,"column":2},"end":{"line":316,"column":9}},"178":{"start":{"line":282,"column":3},"end":{"line":282,"column":30}},"179":{"start":{"line":283,"column":3},"end":{"line":283,"column":37}},"180":{"start":{"line":284,"column":3},"end":{"line":284,"column":23}},"181":{"start":{"line":285,"column":3},"end":{"line":285,"column":21}},"182":{"start":{"line":286,"column":3},"end":{"line":286,"column":22}},"183":{"start":{"line":287,"column":3},"end":{"line":298,"column":4}},"184":{"start":{"line":288,"column":4},"end":{"line":296,"column":5}},"185":{"start":{"line":289,"column":5},"end":{"line":295,"column":6}},"186":{"start":{"line":290,"column":6},"end":{"line":292,"column":7}},"187":{"start":{"line":291,"column":7},"end":{"line":291,"column":34}},"188":{"start":{"line":294,"column":6},"end":{"line":294,"column":33}},"189":{"start":{"line":299,"column":3},"end":{"line":299,"column":22}},"190":{"start":{"line":300,"column":3},"end":{"line":300,"column":18}},"191":{"start":{"line":301,"column":3},"end":{"line":311,"column":4}},"192":{"start":{"line":302,"column":4},"end":{"line":310,"column":5}},"193":{"start":{"line":303,"column":5},"end":{"line":309,"column":6}},"194":{"start":{"line":304,"column":6},"end":{"line":306,"column":7}},"195":{"start":{"line":305,"column":7},"end":{"line":305,"column":34}},"196":{"start":{"line":308,"column":6},"end":{"line":308,"column":33}},"197":{"start":{"line":312,"column":3},"end":{"line":312,"column":20}},"198":{"start":{"line":313,"column":3},"end":{"line":313,"column":43}},"199":{"start":{"line":315,"column":3},"end":{"line":315,"column":71}},"200":{"start":{"line":318,"column":8},"end":{"line":318,"column":29}},"201":{"start":{"line":322,"column":0},"end":{"line":328,"column":1}},"202":{"start":{"line":323,"column":1},"end":{"line":323,"column":22}},"203":{"start":{"line":324,"column":3},"end":{"line":326,"column":5}},"204":{"start":{"line":325,"column":5},"end":{"line":325,"column":18}},"205":{"start":{"line":327,"column":4},"end":{"line":327,"column":16}},"206":{"start":{"line":333,"column":0},"end":{"line":335,"column":16}},"207":{"start":{"line":337,"column":0},"end":{"line":340,"column":21}},"208":{"start":{"line":342,"column":0},"end":{"line":343,"column":18}},"209":{"start":{"line":345,"column":0},"end":{"line":347,"column":19}},"210":{"start":{"line":349,"column":0},"end":{"line":350,"column":18}},"211":{"start":{"line":352,"column":0},"end":{"line":353,"column":25}},"212":{"start":{"line":355,"column":0},"end":{"line":356,"column":22}},"213":{"start":{"line":358,"column":0},"end":{"line":359,"column":28}},"214":{"start":{"line":363,"column":0},"end":{"line":369,"column":2}},"215":{"start":{"line":364,"column":1},"end":{"line":364,"column":49}},"216":{"start":{"line":365,"column":1},"end":{"line":365,"column":31}},"217":{"start":{"line":366,"column":1},"end":{"line":366,"column":39}},"218":{"start":{"line":367,"column":1},"end":{"line":367,"column":27}},"219":{"start":{"line":368,"column":1},"end":{"line":368,"column":15}}},"branchMap":{"1":{"line":27,"type":"if","locations":[{"start":{"line":27,"column":4},"end":{"line":27,"column":4}},{"start":{"line":27,"column":4},"end":{"line":27,"column":4}}]},"2":{"line":66,"type":"if","locations":[{"start":{"line":66,"column":1},"end":{"line":66,"column":1}},{"start":{"line":66,"column":1},"end":{"line":66,"column":1}}]},"3":{"line":71,"type":"if","locations":[{"start":{"line":71,"column":3},"end":{"line":71,"column":3}},{"start":{"line":71,"column":3},"end":{"line":71,"column":3}}]},"4":{"line":73,"type":"if","locations":[{"start":{"line":73,"column":3},"end":{"line":73,"column":3}},{"start":{"line":73,"column":3},"end":{"line":73,"column":3}}]},"5":{"line":73,"type":"binary-expr","locations":[{"start":{"line":73,"column":6},"end":{"line":73,"column":30}},{"start":{"line":73,"column":35},"end":{"line":73,"column":62}}]},"6":{"line":81,"type":"if","locations":[{"start":{"line":81,"column":2},"end":{"line":81,"column":2}},{"start":{"line":81,"column":2},"end":{"line":81,"column":2}}]},"7":{"line":86,"type":"if","locations":[{"start":{"line":86,"column":2},"end":{"line":86,"column":2}},{"start":{"line":86,"column":2},"end":{"line":86,"column":2}}]},"8":{"line":91,"type":"if","locations":[{"start":{"line":91,"column":2},"end":{"line":91,"column":2}},{"start":{"line":91,"column":2},"end":{"line":91,"column":2}}]},"9":{"line":94,"type":"if","locations":[{"start":{"line":94,"column":2},"end":{"line":94,"column":2}},{"start":{"line":94,"column":2},"end":{"line":94,"column":2}}]},"10":{"line":96,"type":"if","locations":[{"start":{"line":96,"column":3},"end":{"line":96,"column":3}},{"start":{"line":96,"column":3},"end":{"line":96,"column":3}}]},"11":{"line":96,"type":"binary-expr","locations":[{"start":{"line":96,"column":6},"end":{"line":96,"column":26}},{"start":{"line":96,"column":30},"end":{"line":96,"column":48}}]},"12":{"line":99,"type":"if","locations":[{"start":{"line":99,"column":2},"end":{"line":99,"column":2}},{"start":{"line":99,"column":2},"end":{"line":99,"column":2}}]},"13":{"line":101,"type":"if","locations":[{"start":{"line":101,"column":3},"end":{"line":101,"column":3}},{"start":{"line":101,"column":3},"end":{"line":101,"column":3}}]},"14":{"line":105,"type":"if","locations":[{"start":{"line":105,"column":3},"end":{"line":105,"column":3}},{"start":{"line":105,"column":3},"end":{"line":105,"column":3}}]},"15":{"line":120,"type":"if","locations":[{"start":{"line":120,"column":2},"end":{"line":120,"column":2}},{"start":{"line":120,"column":2},"end":{"line":120,"column":2}}]},"16":{"line":130,"type":"if","locations":[{"start":{"line":130,"column":2},"end":{"line":130,"column":2}},{"start":{"line":130,"column":2},"end":{"line":130,"column":2}}]},"17":{"line":155,"type":"if","locations":[{"start":{"line":155,"column":8},"end":{"line":155,"column":8}},{"start":{"line":155,"column":8},"end":{"line":155,"column":8}}]},"18":{"line":160,"type":"if","locations":[{"start":{"line":160,"column":12},"end":{"line":160,"column":12}},{"start":{"line":160,"column":12},"end":{"line":160,"column":12}}]},"19":{"line":169,"type":"if","locations":[{"start":{"line":169,"column":3},"end":{"line":169,"column":3}},{"start":{"line":169,"column":3},"end":{"line":169,"column":3}}]},"20":{"line":170,"type":"if","locations":[{"start":{"line":170,"column":3},"end":{"line":170,"column":3}},{"start":{"line":170,"column":3},"end":{"line":170,"column":3}}]},"21":{"line":170,"type":"binary-expr","locations":[{"start":{"line":170,"column":6},"end":{"line":170,"column":27}},{"start":{"line":170,"column":32},"end":{"line":170,"column":56}}]},"22":{"line":181,"type":"if","locations":[{"start":{"line":181,"column":3},"end":{"line":181,"column":3}},{"start":{"line":181,"column":3},"end":{"line":181,"column":3}}]},"23":{"line":182,"type":"if","locations":[{"start":{"line":182,"column":3},"end":{"line":182,"column":3}},{"start":{"line":182,"column":3},"end":{"line":182,"column":3}}]},"24":{"line":183,"type":"if","locations":[{"start":{"line":183,"column":3},"end":{"line":183,"column":3}},{"start":{"line":183,"column":3},"end":{"line":183,"column":3}}]},"25":{"line":186,"type":"if","locations":[{"start":{"line":186,"column":4},"end":{"line":186,"column":4}},{"start":{"line":186,"column":4},"end":{"line":186,"column":4}}]},"26":{"line":198,"type":"if","locations":[{"start":{"line":198,"column":2},"end":{"line":198,"column":2}},{"start":{"line":198,"column":2},"end":{"line":198,"column":2}}]},"27":{"line":200,"type":"if","locations":[{"start":{"line":200,"column":2},"end":{"line":200,"column":2}},{"start":{"line":200,"column":2},"end":{"line":200,"column":2}}]},"28":{"line":203,"type":"if","locations":[{"start":{"line":203,"column":4},"end":{"line":203,"column":4}},{"start":{"line":203,"column":4},"end":{"line":203,"column":4}}]},"29":{"line":215,"type":"if","locations":[{"start":{"line":215,"column":2},"end":{"line":215,"column":2}},{"start":{"line":215,"column":2},"end":{"line":215,"column":2}}]},"30":{"line":216,"type":"if","locations":[{"start":{"line":216,"column":2},"end":{"line":216,"column":2}},{"start":{"line":216,"column":2},"end":{"line":216,"column":2}}]},"31":{"line":217,"type":"if","locations":[{"start":{"line":217,"column":2},"end":{"line":217,"column":2}},{"start":{"line":217,"column":2},"end":{"line":217,"column":2}}]},"32":{"line":220,"type":"if","locations":[{"start":{"line":220,"column":3},"end":{"line":220,"column":3}},{"start":{"line":220,"column":3},"end":{"line":220,"column":3}}]},"33":{"line":230,"type":"if","locations":[{"start":{"line":230,"column":2},"end":{"line":230,"column":2}},{"start":{"line":230,"column":2},"end":{"line":230,"column":2}}]},"34":{"line":231,"type":"if","locations":[{"start":{"line":231,"column":2},"end":{"line":231,"column":2}},{"start":{"line":231,"column":2},"end":{"line":231,"column":2}}]},"35":{"line":233,"type":"if","locations":[{"start":{"line":233,"column":2},"end":{"line":233,"column":2}},{"start":{"line":233,"column":2},"end":{"line":233,"column":2}}]},"36":{"line":237,"type":"if","locations":[{"start":{"line":237,"column":3},"end":{"line":237,"column":3}},{"start":{"line":237,"column":3},"end":{"line":237,"column":3}}]},"37":{"line":251,"type":"if","locations":[{"start":{"line":251,"column":2},"end":{"line":251,"column":2}},{"start":{"line":251,"column":2},"end":{"line":251,"column":2}}]},"38":{"line":252,"type":"if","locations":[{"start":{"line":252,"column":2},"end":{"line":252,"column":2}},{"start":{"line":252,"column":2},"end":{"line":252,"column":2}}]},"39":{"line":255,"type":"if","locations":[{"start":{"line":255,"column":4},"end":{"line":255,"column":4}},{"start":{"line":255,"column":4},"end":{"line":255,"column":4}}]},"40":{"line":277,"type":"if","locations":[{"start":{"line":277,"column":2},"end":{"line":277,"column":2}},{"start":{"line":277,"column":2},"end":{"line":277,"column":2}}]},"41":{"line":278,"type":"if","locations":[{"start":{"line":278,"column":2},"end":{"line":278,"column":2}},{"start":{"line":278,"column":2},"end":{"line":278,"column":2}}]},"42":{"line":288,"type":"if","locations":[{"start":{"line":288,"column":4},"end":{"line":288,"column":4}},{"start":{"line":288,"column":4},"end":{"line":288,"column":4}}]},"43":{"line":289,"type":"if","locations":[{"start":{"line":289,"column":5},"end":{"line":289,"column":5}},{"start":{"line":289,"column":5},"end":{"line":289,"column":5}}]},"44":{"line":290,"type":"if","locations":[{"start":{"line":290,"column":6},"end":{"line":290,"column":6}},{"start":{"line":290,"column":6},"end":{"line":290,"column":6}}]},"45":{"line":302,"type":"if","locations":[{"start":{"line":302,"column":4},"end":{"line":302,"column":4}},{"start":{"line":302,"column":4},"end":{"line":302,"column":4}}]},"46":{"line":303,"type":"if","locations":[{"start":{"line":303,"column":5},"end":{"line":303,"column":5}},{"start":{"line":303,"column":5},"end":{"line":303,"column":5}}]},"47":{"line":304,"type":"if","locations":[{"start":{"line":304,"column":6},"end":{"line":304,"column":6}},{"start":{"line":304,"column":6},"end":{"line":304,"column":6}}]},"48":{"line":324,"type":"if","locations":[{"start":{"line":324,"column":3},"end":{"line":324,"column":3}},{"start":{"line":324,"column":3},"end":{"line":324,"column":3}}]}}},"C:\\Users\\Joep\\Documents\\Everyware\\Webs5\\restrace\\routes\\backend.js":{"path":"C:\\Users\\Joep\\Documents\\Everyware\\Webs5\\restrace\\routes\\backend.js","s":{"1":1,"2":1,"3":1,"4":0,"5":0,"6":1},"b":{},"f":{"1":0},"fnMap":{"1":{"name":"(anonymous_1)","line":9,"loc":{"start":{"line":9,"column":22},"end":{"line":9,"column":41}}}},"statementMap":{"1":{"start":{"line":1,"column":0},"end":{"line":1,"column":33}},"2":{"start":{"line":2,"column":0},"end":{"line":2,"column":30}},"3":{"start":{"line":9,"column":0},"end":{"line":15,"column":3}},"4":{"start":{"line":10,"column":1},"end":{"line":10,"column":21}},"5":{"start":{"line":11,"column":4},"end":{"line":14,"column":7}},"6":{"start":{"line":17,"column":0},"end":{"line":17,"column":24}}},"branchMap":{}},"C:\\Users\\Joep\\Documents\\Everyware\\Webs5\\restrace\\app\\routes.js":{"path":"C:\\Users\\Joep\\Documents\\Everyware\\Webs5\\restrace\\app\\routes.js","s":{"1":1,"2":1,"3":0,"4":1,"5":0,"6":1,"7":1,"8":1,"9":0,"10":1,"11":0,"12":1,"13":1,"14":1,"15":0,"16":1,"17":1,"18":1,"19":1,"20":0,"21":0,"22":1,"23":0,"24":0,"25":0},"b":{"1":[0,0]},"f":{"1":1,"2":0,"3":0,"4":0,"5":0,"6":0,"7":0,"8":0},"fnMap":{"1":{"name":"(anonymous_1)","line":1,"loc":{"start":{"line":1,"column":17},"end":{"line":1,"column":41}}},"2":{"name":"(anonymous_2)","line":6,"loc":{"start":{"line":6,"column":17},"end":{"line":6,"column":36}}},"3":{"name":"(anonymous_3)","line":14,"loc":{"start":{"line":14,"column":22},"end":{"line":14,"column":41}}},"4":{"name":"(anonymous_4)","line":37,"loc":{"start":{"line":37,"column":23},"end":{"line":37,"column":42}}},"5":{"name":"(anonymous_5)","line":51,"loc":{"start":{"line":51,"column":36},"end":{"line":51,"column":55}}},"6":{"name":"(anonymous_6)","line":71,"loc":{"start":{"line":71,"column":34},"end":{"line":71,"column":53}}},"7":{"name":"(anonymous_7)","line":95,"loc":{"start":{"line":95,"column":23},"end":{"line":95,"column":42}}},"8":{"name":"isLoggedIn","line":102,"loc":{"start":{"line":102,"column":0},"end":{"line":102,"column":36}}}},"statementMap":{"1":{"start":{"line":1,"column":0},"end":{"line":99,"column":2}},"2":{"start":{"line":6,"column":4},"end":{"line":8,"column":7}},"3":{"start":{"line":7,"column":8},"end":{"line":7,"column":33}},"4":{"start":{"line":14,"column":4},"end":{"line":17,"column":7}},"5":{"start":{"line":16,"column":8},"end":{"line":16,"column":72}},"6":{"start":{"line":20,"column":4},"end":{"line":24,"column":8}},"7":{"start":{"line":28,"column":4},"end":{"line":32,"column":8}},"8":{"start":{"line":37,"column":4},"end":{"line":41,"column":7}},"9":{"start":{"line":40,"column":8},"end":{"line":40,"column":74}},"10":{"start":{"line":51,"column":4},"end":{"line":55,"column":7}},"11":{"start":{"line":52,"column":8},"end":{"line":54,"column":11}},"12":{"start":{"line":61,"column":4},"end":{"line":61,"column":86}},"13":{"start":{"line":64,"column":4},"end":{"line":68,"column":11}},"14":{"start":{"line":71,"column":8},"end":{"line":73,"column":11}},"15":{"start":{"line":72,"column":12},"end":{"line":72,"column":85}},"16":{"start":{"line":74,"column":8},"end":{"line":78,"column":12}},"17":{"start":{"line":83,"column":8},"end":{"line":83,"column":90}},"18":{"start":{"line":86,"column":8},"end":{"line":90,"column":16}},"19":{"start":{"line":95,"column":4},"end":{"line":98,"column":7}},"20":{"start":{"line":96,"column":8},"end":{"line":96,"column":21}},"21":{"start":{"line":97,"column":8},"end":{"line":97,"column":26}},"22":{"start":{"line":102,"column":0},"end":{"line":110,"column":1}},"23":{"start":{"line":105,"column":4},"end":{"line":106,"column":22}},"24":{"start":{"line":106,"column":8},"end":{"line":106,"column":22}},"25":{"start":{"line":109,"column":4},"end":{"line":109,"column":22}}},"branchMap":{"1":{"line":105,"type":"if","locations":[{"start":{"line":105,"column":4},"end":{"line":105,"column":4}},{"start":{"line":105,"column":4},"end":{"line":105,"column":4}}]}}}}