{"C:\\Users\\Joep\\Documents\\Everyware\\Webs5\\restrace\\config\\database.js":{"path":"C:\\Users\\Joep\\Documents\\Everyware\\Webs5\\restrace\\config\\database.js","s":{"1":1},"b":{},"f":{},"fnMap":{},"statementMap":{"1":{"start":{"line":1,"column":0},"end":{"line":3,"column":1}}},"branchMap":{}},"C:\\Users\\Joep\\Documents\\Everyware\\Webs5\\restrace\\config\\passport.js":{"path":"C:\\Users\\Joep\\Documents\\Everyware\\Webs5\\restrace\\config\\passport.js","s":{"1":1,"2":1,"3":1,"4":1,"5":1,"6":1,"7":4,"8":1,"9":19,"10":19,"11":1,"12":0,"13":0,"14":0,"15":0,"16":0,"17":0,"18":0,"19":0,"20":0,"21":0,"22":0,"23":0,"24":0,"25":0,"26":0,"27":0,"28":0,"29":0,"30":0,"31":0,"32":0,"33":1,"34":4,"35":4,"36":4,"37":0,"38":4,"39":0,"40":4,"41":0,"42":4,"43":1,"44":0,"45":0,"46":0,"47":0,"48":0,"49":0,"50":0,"51":0,"52":0,"53":0,"54":0,"55":0,"56":0,"57":0,"58":0,"59":0,"60":0,"61":0,"62":0,"63":0,"64":0,"65":0,"66":0,"67":0,"68":0},"b":{"1":[0,0],"2":[0,0],"3":[0,0],"4":[0,0],"5":[0,0],"6":[0,4],"7":[0,4],"8":[0,4],"9":[0,0],"10":[0,0],"11":[0,0],"12":[0,0],"13":[0,0]},"f":{"1":1,"2":4,"3":19,"4":19,"5":0,"6":0,"7":0,"8":0,"9":0,"10":4,"11":4,"12":4,"13":0,"14":0,"15":0,"16":0,"17":0},"fnMap":{"1":{"name":"(anonymous_1)","line":13,"loc":{"start":{"line":13,"column":17},"end":{"line":13,"column":36}}},"2":{"name":"(anonymous_2)","line":16,"loc":{"start":{"line":16,"column":27},"end":{"line":16,"column":48}}},"3":{"name":"(anonymous_3)","line":21,"loc":{"start":{"line":21,"column":29},"end":{"line":21,"column":48}}},"4":{"name":"(anonymous_4)","line":22,"loc":{"start":{"line":22,"column":26},"end":{"line":22,"column":46}}},"5":{"name":"(anonymous_5)","line":39,"loc":{"start":{"line":39,"column":0},"end":{"line":39,"column":37}}},"6":{"name":"(anonymous_6)","line":41,"loc":{"start":{"line":41,"column":25},"end":{"line":41,"column":36}}},"7":{"name":"(anonymous_7)","line":44,"loc":{"start":{"line":44,"column":49},"end":{"line":44,"column":77}}},"8":{"name":"(anonymous_8)","line":56,"loc":{"start":{"line":56,"column":30},"end":{"line":56,"column":44}}},"9":{"name":"(anonymous_9)","line":68,"loc":{"start":{"line":68,"column":33},"end":{"line":68,"column":47}}},"10":{"name":"(anonymous_10)","line":89,"loc":{"start":{"line":89,"column":10},"end":{"line":89,"column":47}}},"11":{"name":"(anonymous_11)","line":91,"loc":{"start":{"line":91,"column":29},"end":{"line":91,"column":40}}},"12":{"name":"(anonymous_12)","line":92,"loc":{"start":{"line":92,"column":52},"end":{"line":92,"column":72}}},"13":{"name":"(anonymous_13)","line":122,"loc":{"start":{"line":122,"column":4},"end":{"line":122,"column":54}}},"14":{"name":"(anonymous_14)","line":125,"loc":{"start":{"line":125,"column":25},"end":{"line":125,"column":36}}},"15":{"name":"(anonymous_15)","line":131,"loc":{"start":{"line":131,"column":61},"end":{"line":131,"column":81}}},"16":{"name":"(anonymous_16)","line":152,"loc":{"start":{"line":152,"column":37},"end":{"line":152,"column":51}}},"17":{"name":"(anonymous_17)","line":174,"loc":{"start":{"line":174,"column":26},"end":{"line":174,"column":40}}}},"statementMap":{"1":{"start":{"line":4,"column":0},"end":{"line":4,"column":58}},"2":{"start":{"line":5,"column":0},"end":{"line":5,"column":61}},"3":{"start":{"line":8,"column":0},"end":{"line":8,"column":48}},"4":{"start":{"line":11,"column":0},"end":{"line":11,"column":35}},"5":{"start":{"line":13,"column":0},"end":{"line":185,"column":2}},"6":{"start":{"line":16,"column":4},"end":{"line":18,"column":7}},"7":{"start":{"line":17,"column":8},"end":{"line":17,"column":28}},"8":{"start":{"line":21,"column":4},"end":{"line":25,"column":7}},"9":{"start":{"line":22,"column":8},"end":{"line":24,"column":11}},"10":{"start":{"line":23,"column":12},"end":{"line":23,"column":28}},"11":{"start":{"line":33,"column":4},"end":{"line":76,"column":8}},"12":{"start":{"line":41,"column":8},"end":{"line":75,"column":11}},"13":{"start":{"line":44,"column":12},"end":{"line":74,"column":15}},"14":{"start":{"line":46,"column":16},"end":{"line":47,"column":37}},"15":{"start":{"line":47,"column":20},"end":{"line":47,"column":37}},"16":{"start":{"line":49,"column":16},"end":{"line":50,"column":105}},"17":{"start":{"line":50,"column":20},"end":{"line":50,"column":105}},"18":{"start":{"line":52,"column":16},"end":{"line":73,"column":17}},"19":{"start":{"line":53,"column":20},"end":{"line":53,"column":40}},"20":{"start":{"line":54,"column":20},"end":{"line":54,"column":45}},"21":{"start":{"line":55,"column":20},"end":{"line":55,"column":70}},"22":{"start":{"line":56,"column":20},"end":{"line":60,"column":23}},"23":{"start":{"line":57,"column":20},"end":{"line":58,"column":34}},"24":{"start":{"line":58,"column":24},"end":{"line":58,"column":34}},"25":{"start":{"line":59,"column":24},"end":{"line":59,"column":48}},"26":{"start":{"line":65,"column":20},"end":{"line":65,"column":45}},"27":{"start":{"line":66,"column":20},"end":{"line":66,"column":48}},"28":{"start":{"line":67,"column":20},"end":{"line":67,"column":76}},"29":{"start":{"line":68,"column":20},"end":{"line":72,"column":23}},"30":{"start":{"line":69,"column":20},"end":{"line":70,"column":34}},"31":{"start":{"line":70,"column":24},"end":{"line":70,"column":34}},"32":{"start":{"line":71,"column":24},"end":{"line":71,"column":51}},"33":{"start":{"line":84,"column":4},"end":{"line":106,"column":12}},"34":{"start":{"line":91,"column":12},"end":{"line":105,"column":15}},"35":{"start":{"line":92,"column":12},"end":{"line":104,"column":19}},"36":{"start":{"line":94,"column":16},"end":{"line":95,"column":37}},"37":{"start":{"line":95,"column":20},"end":{"line":95,"column":37}},"38":{"start":{"line":97,"column":16},"end":{"line":98,"column":90}},"39":{"start":{"line":98,"column":20},"end":{"line":98,"column":90}},"40":{"start":{"line":99,"column":16},"end":{"line":103,"column":44}},"41":{"start":{"line":100,"column":20},"end":{"line":100,"column":97}},"42":{"start":{"line":103,"column":20},"end":{"line":103,"column":44}},"43":{"start":{"line":111,"column":4},"end":{"line":183,"column":8}},"44":{"start":{"line":125,"column":8},"end":{"line":181,"column":11}},"45":{"start":{"line":128,"column":12},"end":{"line":179,"column":13}},"46":{"start":{"line":131,"column":16},"end":{"line":161,"column":19}},"47":{"start":{"line":135,"column":20},"end":{"line":136,"column":41}},"48":{"start":{"line":136,"column":24},"end":{"line":136,"column":41}},"49":{"start":{"line":139,"column":20},"end":{"line":159,"column":21}},"50":{"start":{"line":140,"column":24},"end":{"line":140,"column":48}},"51":{"start":{"line":143,"column":24},"end":{"line":143,"column":60}},"52":{"start":{"line":146,"column":24},"end":{"line":146,"column":60}},"53":{"start":{"line":147,"column":24},"end":{"line":147,"column":55}},"54":{"start":{"line":148,"column":24},"end":{"line":148,"column":104}},"55":{"start":{"line":149,"column":24},"end":{"line":149,"column":73}},"56":{"start":{"line":152,"column":24},"end":{"line":158,"column":27}},"57":{"start":{"line":153,"column":28},"end":{"line":154,"column":42}},"58":{"start":{"line":154,"column":32},"end":{"line":154,"column":42}},"59":{"start":{"line":157,"column":28},"end":{"line":157,"column":55}},"60":{"start":{"line":165,"column":16},"end":{"line":165,"column":47}},"61":{"start":{"line":168,"column":16},"end":{"line":168,"column":49}},"62":{"start":{"line":169,"column":16},"end":{"line":169,"column":44}},"63":{"start":{"line":170,"column":16},"end":{"line":170,"column":93}},"64":{"start":{"line":171,"column":16},"end":{"line":171,"column":62}},"65":{"start":{"line":174,"column":16},"end":{"line":178,"column":19}},"66":{"start":{"line":175,"column":20},"end":{"line":176,"column":34}},"67":{"start":{"line":176,"column":24},"end":{"line":176,"column":34}},"68":{"start":{"line":177,"column":20},"end":{"line":177,"column":44}}},"branchMap":{"1":{"line":46,"type":"if","locations":[{"start":{"line":46,"column":16},"end":{"line":46,"column":16}},{"start":{"line":46,"column":16},"end":{"line":46,"column":16}}]},"2":{"line":49,"type":"if","locations":[{"start":{"line":49,"column":16},"end":{"line":49,"column":16}},{"start":{"line":49,"column":16},"end":{"line":49,"column":16}}]},"3":{"line":52,"type":"if","locations":[{"start":{"line":52,"column":16},"end":{"line":52,"column":16}},{"start":{"line":52,"column":16},"end":{"line":52,"column":16}}]},"4":{"line":57,"type":"if","locations":[{"start":{"line":57,"column":20},"end":{"line":57,"column":20}},{"start":{"line":57,"column":20},"end":{"line":57,"column":20}}]},"5":{"line":69,"type":"if","locations":[{"start":{"line":69,"column":20},"end":{"line":69,"column":20}},{"start":{"line":69,"column":20},"end":{"line":69,"column":20}}]},"6":{"line":94,"type":"if","locations":[{"start":{"line":94,"column":16},"end":{"line":94,"column":16}},{"start":{"line":94,"column":16},"end":{"line":94,"column":16}}]},"7":{"line":97,"type":"if","locations":[{"start":{"line":97,"column":16},"end":{"line":97,"column":16}},{"start":{"line":97,"column":16},"end":{"line":97,"column":16}}]},"8":{"line":99,"type":"if","locations":[{"start":{"line":99,"column":16},"end":{"line":99,"column":16}},{"start":{"line":99,"column":16},"end":{"line":99,"column":16}}]},"9":{"line":128,"type":"if","locations":[{"start":{"line":128,"column":12},"end":{"line":128,"column":12}},{"start":{"line":128,"column":12},"end":{"line":128,"column":12}}]},"10":{"line":135,"type":"if","locations":[{"start":{"line":135,"column":20},"end":{"line":135,"column":20}},{"start":{"line":135,"column":20},"end":{"line":135,"column":20}}]},"11":{"line":139,"type":"if","locations":[{"start":{"line":139,"column":20},"end":{"line":139,"column":20}},{"start":{"line":139,"column":20},"end":{"line":139,"column":20}}]},"12":{"line":153,"type":"if","locations":[{"start":{"line":153,"column":28},"end":{"line":153,"column":28}},{"start":{"line":153,"column":28},"end":{"line":153,"column":28}}]},"13":{"line":175,"type":"if","locations":[{"start":{"line":175,"column":20},"end":{"line":175,"column":20}},{"start":{"line":175,"column":20},"end":{"line":175,"column":20}}]}}},"C:\\Users\\Joep\\Documents\\Everyware\\Webs5\\restrace\\app\\models\\users.js":{"path":"C:\\Users\\Joep\\Documents\\Everyware\\Webs5\\restrace\\app\\models\\users.js","s":{"1":1,"2":1,"3":1,"4":1,"5":1,"6":0,"7":1,"8":4,"9":1,"10":10,"11":10,"12":10,"13":8,"14":10,"15":10,"16":8,"17":2,"18":1,"19":0,"20":0,"21":0,"22":0,"23":0,"24":0,"25":0,"26":0,"27":1},"b":{"1":[10,0],"2":[8,2],"3":[0,0],"4":[0,0]},"f":{"1":0,"2":4,"3":10,"4":8,"5":0,"6":0},"fnMap":{"1":{"name":"(anonymous_1)","line":26,"loc":{"start":{"line":26,"column":34},"end":{"line":26,"column":53}}},"2":{"name":"(anonymous_2)","line":31,"loc":{"start":{"line":31,"column":35},"end":{"line":31,"column":54}}},"3":{"name":"(anonymous_3)","line":34,"loc":{"start":{"line":34,"column":32},"end":{"line":34,"column":47}}},"4":{"name":"(anonymous_4)","line":39,"loc":{"start":{"line":39,"column":47},"end":{"line":39,"column":61}}},"5":{"name":"(anonymous_5)","line":50,"loc":{"start":{"line":50,"column":37},"end":{"line":50,"column":52}}},"6":{"name":"(anonymous_6)","line":55,"loc":{"start":{"line":55,"column":47},"end":{"line":55,"column":61}}}},"statementMap":{"1":{"start":{"line":3,"column":0},"end":{"line":3,"column":35}},"2":{"start":{"line":4,"column":0},"end":{"line":4,"column":40}},"3":{"start":{"line":6,"column":0},"end":{"line":6,"column":30}},"4":{"start":{"line":9,"column":0},"end":{"line":22,"column":3}},"5":{"start":{"line":26,"column":0},"end":{"line":28,"column":2}},"6":{"start":{"line":27,"column":4},"end":{"line":27,"column":66}},"7":{"start":{"line":31,"column":0},"end":{"line":33,"column":2}},"8":{"start":{"line":32,"column":4},"end":{"line":32,"column":61}},"9":{"start":{"line":34,"column":0},"end":{"line":48,"column":6}},"10":{"start":{"line":35,"column":8},"end":{"line":37,"column":9}},"11":{"start":{"line":36,"column":12},"end":{"line":36,"column":28}},"12":{"start":{"line":39,"column":8},"end":{"line":39,"column":93}},"13":{"start":{"line":39,"column":63},"end":{"line":39,"column":89}},"14":{"start":{"line":40,"column":8},"end":{"line":45,"column":9}},"15":{"start":{"line":41,"column":12},"end":{"line":44,"column":13}},"16":{"start":{"line":43,"column":16},"end":{"line":43,"column":28}},"17":{"start":{"line":47,"column":8},"end":{"line":47,"column":21}},"18":{"start":{"line":50,"column":4},"end":{"line":64,"column":6}},"19":{"start":{"line":51,"column":8},"end":{"line":53,"column":9}},"20":{"start":{"line":52,"column":12},"end":{"line":52,"column":28}},"21":{"start":{"line":55,"column":8},"end":{"line":55,"column":93}},"22":{"start":{"line":55,"column":63},"end":{"line":55,"column":89}},"23":{"start":{"line":56,"column":8},"end":{"line":61,"column":9}},"24":{"start":{"line":57,"column":12},"end":{"line":60,"column":13}},"25":{"start":{"line":59,"column":16},"end":{"line":59,"column":29}},"26":{"start":{"line":63,"column":8},"end":{"line":63,"column":20}},"27":{"start":{"line":67,"column":0},"end":{"line":67,"column":52}}},"branchMap":{"1":{"line":35,"type":"if","locations":[{"start":{"line":35,"column":8},"end":{"line":35,"column":8}},{"start":{"line":35,"column":8},"end":{"line":35,"column":8}}]},"2":{"line":41,"type":"if","locations":[{"start":{"line":41,"column":12},"end":{"line":41,"column":12}},{"start":{"line":41,"column":12},"end":{"line":41,"column":12}}]},"3":{"line":51,"type":"if","locations":[{"start":{"line":51,"column":8},"end":{"line":51,"column":8}},{"start":{"line":51,"column":8},"end":{"line":51,"column":8}}]},"4":{"line":57,"type":"if","locations":[{"start":{"line":57,"column":12},"end":{"line":57,"column":12}},{"start":{"line":57,"column":12},"end":{"line":57,"column":12}}]}}},"C:\\Users\\Joep\\Documents\\Everyware\\Webs5\\restrace\\config\\auth.js":{"path":"C:\\Users\\Joep\\Documents\\Everyware\\Webs5\\restrace\\config\\auth.js","s":{"1":1},"b":{},"f":{},"fnMap":{},"statementMap":{"1":{"start":{"line":2,"column":0},"end":{"line":22,"column":2}}},"branchMap":{}},"C:\\Users\\Joep\\Documents\\Everyware\\Webs5\\restrace\\app\\models\\waypoint.js":{"path":"C:\\Users\\Joep\\Documents\\Everyware\\Webs5\\restrace\\app\\models\\waypoint.js","s":{"1":1,"2":1,"3":1,"4":1,"5":1,"6":0,"7":0,"8":1,"9":1,"10":1},"b":{"1":[0,1]},"f":{"1":1,"2":1,"3":1,"4":0},"fnMap":{"1":{"name":"(anonymous_1)","line":1,"loc":{"start":{"line":1,"column":11},"end":{"line":1,"column":29}}},"2":{"name":"(anonymous_2)","line":10,"loc":{"start":{"line":10,"column":44},"end":{"line":10,"column":81}}},"3":{"name":"(anonymous_3)","line":11,"loc":{"start":{"line":11,"column":34},"end":{"line":11,"column":62}}},"4":{"name":"(anonymous_4)","line":13,"loc":{"start":{"line":13,"column":32},"end":{"line":13,"column":60}}}},"statementMap":{"1":{"start":{"line":1,"column":0},"end":{"line":26,"column":2}},"2":{"start":{"line":2,"column":1},"end":{"line":8,"column":4}},"3":{"start":{"line":10,"column":1},"end":{"line":20,"column":3}},"4":{"start":{"line":11,"column":2},"end":{"line":19,"column":5}},"5":{"start":{"line":12,"column":3},"end":{"line":18,"column":4}},"6":{"start":{"line":13,"column":4},"end":{"line":15,"column":7}},"7":{"start":{"line":14,"column":5},"end":{"line":14,"column":29}},"8":{"start":{"line":17,"column":4},"end":{"line":17,"column":28}},"9":{"start":{"line":25,"column":1},"end":{"line":25,"column":51}},"10":{"start":{"line":28,"column":0},"end":{"line":28,"column":22}}},"branchMap":{"1":{"line":12,"type":"if","locations":[{"start":{"line":12,"column":3},"end":{"line":12,"column":3}},{"start":{"line":12,"column":3},"end":{"line":12,"column":3}}]}}},"C:\\Users\\Joep\\Documents\\Everyware\\Webs5\\restrace\\app\\models\\race.js":{"path":"C:\\Users\\Joep\\Documents\\Everyware\\Webs5\\restrace\\app\\models\\race.js","s":{"1":1,"2":1,"3":1,"4":1,"5":1,"6":8,"7":8,"8":8,"9":1,"10":8,"11":1,"12":1,"13":1},"b":{"1":[1,7]},"f":{"1":1,"2":8},"fnMap":{"1":{"name":"(anonymous_1)","line":3,"loc":{"start":{"line":3,"column":11},"end":{"line":3,"column":29}}},"2":{"name":"(anonymous_2)","line":25,"loc":{"start":{"line":25,"column":28},"end":{"line":25,"column":44}}}},"statementMap":{"1":{"start":{"line":1,"column":0},"end":{"line":1,"column":52}},"2":{"start":{"line":3,"column":0},"end":{"line":40,"column":2}},"3":{"start":{"line":5,"column":1},"end":{"line":5,"column":47}},"4":{"start":{"line":7,"column":1},"end":{"line":23,"column":4}},"5":{"start":{"line":25,"column":1},"end":{"line":32,"column":4}},"6":{"start":{"line":26,"column":2},"end":{"line":26,"column":31}},"7":{"start":{"line":27,"column":2},"end":{"line":27,"column":27}},"8":{"start":{"line":28,"column":4},"end":{"line":30,"column":6}},"9":{"start":{"line":29,"column":9},"end":{"line":29,"column":71}},"10":{"start":{"line":31,"column":5},"end":{"line":31,"column":12}},"11":{"start":{"line":33,"column":1},"end":{"line":33,"column":37}},"12":{"start":{"line":39,"column":1},"end":{"line":39,"column":43}},"13":{"start":{"line":42,"column":0},"end":{"line":42,"column":22}}},"branchMap":{"1":{"line":28,"type":"if","locations":[{"start":{"line":28,"column":4},"end":{"line":28,"column":4}},{"start":{"line":28,"column":4},"end":{"line":28,"column":4}}]}}},"C:\\Users\\Joep\\Documents\\Everyware\\Webs5\\restrace\\config\\connect-roles.js":{"path":"C:\\Users\\Joep\\Documents\\Everyware\\Webs5\\restrace\\config\\connect-roles.js","s":{"1":1,"2":1,"3":1,"4":2,"5":2,"6":2,"7":0,"8":2,"9":1,"10":10,"11":1,"12":9,"13":8,"14":8,"15":1,"16":4,"17":0,"18":4,"19":1,"20":1,"21":0,"22":1},"b":{"1":[2,2],"2":[0,2],"3":[1,9],"4":[8,1],"5":[0,4],"6":[0,1]},"f":{"1":1,"2":2,"3":10,"4":4,"5":1},"fnMap":{"1":{"name":"(anonymous_1)","line":3,"loc":{"start":{"line":3,"column":17},"end":{"line":3,"column":27}}},"2":{"name":"(anonymous_2)","line":5,"loc":{"start":{"line":5,"column":20},"end":{"line":5,"column":48}}},"3":{"name":"(anonymous_3)","line":20,"loc":{"start":{"line":20,"column":31},"end":{"line":20,"column":46}}},"4":{"name":"(anonymous_4)","line":28,"loc":{"start":{"line":28,"column":33},"end":{"line":28,"column":48}}},"5":{"name":"(anonymous_5)","line":34,"loc":{"start":{"line":34,"column":11},"end":{"line":34,"column":26}}}},"statementMap":{"1":{"start":{"line":1,"column":0},"end":{"line":1,"column":44}},"2":{"start":{"line":3,"column":0},"end":{"line":41,"column":2}},"3":{"start":{"line":4,"column":1},"end":{"line":18,"column":4}},"4":{"start":{"line":8,"column":4},"end":{"line":8,"column":42}},"5":{"start":{"line":9,"column":4},"end":{"line":9,"column":20}},"6":{"start":{"line":10,"column":4},"end":{"line":16,"column":5}},"7":{"start":{"line":12,"column":6},"end":{"line":12,"column":37}},"8":{"start":{"line":15,"column":6},"end":{"line":15,"column":75}},"9":{"start":{"line":20,"column":1},"end":{"line":26,"column":4}},"10":{"start":{"line":21,"column":2},"end":{"line":21,"column":30}},"11":{"start":{"line":21,"column":17},"end":{"line":21,"column":29}},"12":{"start":{"line":22,"column":5},"end":{"line":25,"column":6}},"13":{"start":{"line":23,"column":6},"end":{"line":23,"column":44}},"14":{"start":{"line":24,"column":6},"end":{"line":24,"column":18}},"15":{"start":{"line":28,"column":1},"end":{"line":31,"column":4}},"16":{"start":{"line":29,"column":2},"end":{"line":29,"column":30}},"17":{"start":{"line":29,"column":17},"end":{"line":29,"column":29}},"18":{"start":{"line":30,"column":2},"end":{"line":30,"column":14}},"19":{"start":{"line":34,"column":1},"end":{"line":38,"column":4}},"20":{"start":{"line":35,"column":4},"end":{"line":37,"column":5}},"21":{"start":{"line":36,"column":5},"end":{"line":36,"column":17}},"22":{"start":{"line":40,"column":1},"end":{"line":40,"column":14}}},"branchMap":{"1":{"line":8,"type":"binary-expr","locations":[{"start":{"line":8,"column":17},"end":{"line":8,"column":35}},{"start":{"line":8,"column":39},"end":{"line":8,"column":41}}]},"2":{"line":10,"type":"if","locations":[{"start":{"line":10,"column":4},"end":{"line":10,"column":4}},{"start":{"line":10,"column":4},"end":{"line":10,"column":4}}]},"3":{"line":21,"type":"if","locations":[{"start":{"line":21,"column":2},"end":{"line":21,"column":2}},{"start":{"line":21,"column":2},"end":{"line":21,"column":2}}]},"4":{"line":22,"type":"if","locations":[{"start":{"line":22,"column":5},"end":{"line":22,"column":5}},{"start":{"line":22,"column":5},"end":{"line":22,"column":5}}]},"5":{"line":29,"type":"if","locations":[{"start":{"line":29,"column":2},"end":{"line":29,"column":2}},{"start":{"line":29,"column":2},"end":{"line":29,"column":2}}]},"6":{"line":35,"type":"if","locations":[{"start":{"line":35,"column":4},"end":{"line":35,"column":4}},{"start":{"line":35,"column":4},"end":{"line":35,"column":4}}]}}},"C:\\Users\\Joep\\Documents\\Everyware\\Webs5\\restrace\\routes\\index.js":{"path":"C:\\Users\\Joep\\Documents\\Everyware\\Webs5\\restrace\\routes\\index.js","s":{"1":1,"2":1,"3":1,"4":0,"5":1},"b":{},"f":{"1":0},"fnMap":{"1":{"name":"(anonymous_1)","line":5,"loc":{"start":{"line":5,"column":16},"end":{"line":5,"column":41}}}},"statementMap":{"1":{"start":{"line":1,"column":0},"end":{"line":1,"column":33}},"2":{"start":{"line":2,"column":0},"end":{"line":2,"column":30}},"3":{"start":{"line":5,"column":0},"end":{"line":7,"column":3}},"4":{"start":{"line":6,"column":2},"end":{"line":6,"column":44}},"5":{"start":{"line":9,"column":0},"end":{"line":9,"column":24}}},"branchMap":{}},"C:\\Users\\Joep\\Documents\\Everyware\\Webs5\\restrace\\routes\\waypoints.js":{"path":"C:\\Users\\Joep\\Documents\\Everyware\\Webs5\\restrace\\routes\\waypoints.js","s":{"1":1,"2":1,"3":1,"4":1,"5":1,"6":1,"7":1,"8":1,"9":1,"10":1,"11":1},"b":{},"f":{"1":0,"2":0,"3":1},"fnMap":{"1":{"name":"getWaypoints","line":8,"loc":{"start":{"line":8,"column":0},"end":{"line":8,"column":31}}},"2":{"name":"RetrieveData","line":38,"loc":{"start":{"line":38,"column":0},"end":{"line":38,"column":30}}},"3":{"name":"(anonymous_3)","line":55,"loc":{"start":{"line":55,"column":17},"end":{"line":55,"column":39}}}},"statementMap":{"1":{"start":{"line":1,"column":0},"end":{"line":1,"column":33}},"2":{"start":{"line":2,"column":0},"end":{"line":2,"column":30}},"3":{"start":{"line":3,"column":0},"end":{"line":3,"column":29}},"4":{"start":{"line":4,"column":0},"end":{"line":4,"column":23}},"5":{"start":{"line":6,"column":0},"end":{"line":6,"column":16}},"6":{"start":{"line":8,"column":0},"end":{"line":36,"column":1}},"7":{"start":{"line":38,"column":0},"end":{"line":53,"column":1}},"8":{"start":{"line":55,"column":0},"end":{"line":63,"column":2}},"9":{"start":{"line":56,"column":1},"end":{"line":56,"column":27}},"10":{"start":{"line":59,"column":1},"end":{"line":60,"column":20}},"11":{"start":{"line":62,"column":1},"end":{"line":62,"column":15}}},"branchMap":{}},"C:\\Users\\Joep\\Documents\\Everyware\\Webs5\\restrace\\routes\\races.js":{"path":"C:\\Users\\Joep\\Documents\\Everyware\\Webs5\\restrace\\routes\\races.js","s":{"1":1,"2":1,"3":1,"4":1,"5":1,"6":1,"7":1,"8":1,"9":1,"10":1,"11":1,"12":1,"13":0,"14":1,"15":1,"16":1,"17":1,"18":1,"19":1,"20":1,"21":1,"22":1,"23":0,"24":1,"25":1,"26":1,"27":1,"28":1,"29":1,"30":2,"31":2,"32":2,"33":2,"34":1,"35":1,"36":1,"37":1,"38":1,"39":0,"40":1,"41":1,"42":0,"43":1,"44":1,"45":0,"46":0,"47":0,"48":1,"49":0,"50":0,"51":0,"52":1,"53":0,"54":1,"55":0,"56":0,"57":0,"58":0,"59":1,"60":0,"61":0,"62":0,"63":0,"64":1,"65":1,"66":0,"67":1,"68":1,"69":1,"70":2,"71":2,"72":2,"73":1,"74":1,"75":1,"76":1,"77":0,"78":0,"79":0,"80":0,"81":0,"82":1,"83":2,"84":2,"85":1,"86":1,"87":2,"88":1,"89":0,"90":1,"91":1,"92":1,"93":1,"94":0,"95":1,"96":0,"97":1,"98":1,"99":1,"100":1,"101":1,"102":0,"103":1,"104":0,"105":1,"106":0,"107":1,"108":1,"109":1,"110":0,"111":1,"112":1,"113":1,"114":1,"115":2,"116":2,"117":0,"118":2,"119":2,"120":1,"121":1,"122":1,"123":0,"124":1,"125":1,"126":1,"127":1,"128":1,"129":1,"130":0,"131":1,"132":0,"133":1,"134":0,"135":1,"136":1,"137":1,"138":0,"139":1,"140":1,"141":1,"142":1,"143":1,"144":1,"145":0,"146":1,"147":0,"148":1,"149":1,"150":1,"151":1,"152":1,"153":1,"154":0,"155":1,"156":0,"157":1,"158":2,"159":2,"160":2,"161":0,"162":2,"163":1,"164":1,"165":1,"166":0,"167":1,"168":1,"169":1,"170":0,"171":0,"172":0,"173":0,"174":0,"175":0,"176":0,"177":0,"178":0,"179":0,"180":0,"181":0,"182":0,"183":0,"184":0,"185":0,"186":0,"187":0,"188":0,"189":0,"190":0,"191":0,"192":0,"193":0,"194":0,"195":0,"196":0,"197":0,"198":0,"199":0,"200":0,"201":0,"202":1,"203":7,"204":7,"205":0,"206":7,"207":1,"208":1,"209":1,"210":1,"211":1,"212":1,"213":1,"214":1,"215":1,"216":1,"217":1,"218":1,"219":1,"220":1},"b":{"1":[0,1],"2":[1,1],"3":[0,1],"4":[1,0],"5":[1,1],"6":[0,1],"7":[0,1],"8":[0,1],"9":[0,1],"10":[0,0],"11":[0,0],"12":[0,1],"13":[0,0],"14":[0,1],"15":[1,1],"16":[0,0],"17":[1,1],"18":[0,1],"19":[0,1],"20":[0,1],"21":[1,1],"22":[0,1],"23":[0,1],"24":[0,1],"25":[0,1],"26":[0,2],"27":[1,1],"28":[0,1],"29":[0,1],"30":[0,1],"31":[0,1],"32":[0,1],"33":[0,1],"34":[0,1],"35":[1,0],"36":[0,1],"37":[0,2],"38":[1,1],"39":[0,1],"40":[0,0],"41":[0,0],"42":[0,0],"43":[0,0],"44":[0,0],"45":[0,0],"46":[0,0],"47":[0,0],"48":[0,7]},"f":{"1":0,"2":1,"3":1,"4":1,"5":1,"6":1,"7":2,"8":1,"9":1,"10":2,"11":2,"12":0,"13":0,"14":2,"15":2,"16":1,"17":1,"18":1,"19":1,"20":1,"21":1,"22":1,"23":1,"24":2,"25":2,"26":1,"27":1,"28":1,"29":1,"30":1,"31":1,"32":1,"33":2,"34":2,"35":1,"36":0,"37":0,"38":7,"39":1},"fnMap":{"1":{"name":"getWaypointById","line":13,"loc":{"start":{"line":13,"column":0},"end":{"line":13,"column":37}}},"2":{"name":"fetchWaypoints","line":17,"loc":{"start":{"line":17,"column":0},"end":{"line":17,"column":39}}},"3":{"name":"(anonymous_3)","line":20,"loc":{"start":{"line":20,"column":23},"end":{"line":20,"column":41}}},"4":{"name":"(anonymous_4)","line":22,"loc":{"start":{"line":22,"column":18},"end":{"line":22,"column":36}}},"5":{"name":"(anonymous_5)","line":26,"loc":{"start":{"line":26,"column":28},"end":{"line":26,"column":49}}},"6":{"name":"(anonymous_6)","line":30,"loc":{"start":{"line":30,"column":19},"end":{"line":30,"column":35}}},"7":{"name":"getRaces","line":41,"loc":{"start":{"line":41,"column":0},"end":{"line":41,"column":27}}},"8":{"name":"(anonymous_8)","line":49,"loc":{"start":{"line":49,"column":116},"end":{"line":49,"column":135}}},"9":{"name":"(anonymous_9)","line":83,"loc":{"start":{"line":83,"column":36},"end":{"line":83,"column":77}}},"10":{"name":"addRace","line":96,"loc":{"start":{"line":96,"column":0},"end":{"line":96,"column":26}}},"11":{"name":"(anonymous_11)","line":98,"loc":{"start":{"line":98,"column":11},"end":{"line":98,"column":35}}},"12":{"name":"editRace","line":107,"loc":{"start":{"line":107,"column":0},"end":{"line":107,"column":27}}},"13":{"name":"(anonymous_13)","line":108,"loc":{"start":{"line":108,"column":57},"end":{"line":108,"column":76}}},"14":{"name":"deleteRace","line":132,"loc":{"start":{"line":132,"column":0},"end":{"line":132,"column":28}}},"15":{"name":"(anonymous_15)","line":133,"loc":{"start":{"line":133,"column":32},"end":{"line":133,"column":50}}},"16":{"name":"(anonymous_16)","line":138,"loc":{"start":{"line":138,"column":20},"end":{"line":138,"column":34}}},"17":{"name":"getWaypoints","line":145,"loc":{"start":{"line":145,"column":0},"end":{"line":145,"column":31}}},"18":{"name":"(anonymous_18)","line":147,"loc":{"start":{"line":147,"column":8},"end":{"line":147,"column":27}}},"19":{"name":"addWaypoint","line":157,"loc":{"start":{"line":157,"column":0},"end":{"line":157,"column":30}}},"20":{"name":"(anonymous_20)","line":158,"loc":{"start":{"line":158,"column":47},"end":{"line":158,"column":65}}},"21":{"name":"(anonymous_21)","line":159,"loc":{"start":{"line":159,"column":31},"end":{"line":159,"column":50}}},"22":{"name":"(anonymous_22)","line":164,"loc":{"start":{"line":164,"column":13},"end":{"line":164,"column":31}}},"23":{"name":"(anonymous_23)","line":166,"loc":{"start":{"line":166,"column":133},"end":{"line":166,"column":153}}},"24":{"name":"deleteWaypoint","line":175,"loc":{"start":{"line":175,"column":0},"end":{"line":175,"column":33}}},"25":{"name":"(anonymous_25)","line":176,"loc":{"start":{"line":176,"column":30},"end":{"line":176,"column":49}}},"26":{"name":"(anonymous_26)","line":181,"loc":{"start":{"line":181,"column":13},"end":{"line":181,"column":26}}},"27":{"name":"addParticipant","line":191,"loc":{"start":{"line":191,"column":0},"end":{"line":191,"column":33}}},"28":{"name":"(anonymous_28)","line":193,"loc":{"start":{"line":193,"column":30},"end":{"line":193,"column":49}}},"29":{"name":"(anonymous_29)","line":198,"loc":{"start":{"line":198,"column":12},"end":{"line":198,"column":30}}},"30":{"name":"addRaceTag","line":205,"loc":{"start":{"line":205,"column":0},"end":{"line":205,"column":29}}},"31":{"name":"(anonymous_31)","line":208,"loc":{"start":{"line":208,"column":30},"end":{"line":208,"column":49}}},"32":{"name":"(anonymous_32)","line":216,"loc":{"start":{"line":216,"column":12},"end":{"line":216,"column":30}}},"33":{"name":"deleteParticipant","line":228,"loc":{"start":{"line":228,"column":0},"end":{"line":228,"column":36}}},"34":{"name":"(anonymous_34)","line":229,"loc":{"start":{"line":229,"column":30},"end":{"line":229,"column":49}}},"35":{"name":"(anonymous_35)","line":234,"loc":{"start":{"line":234,"column":13},"end":{"line":234,"column":26}}},"36":{"name":"getResults","line":252,"loc":{"start":{"line":252,"column":0},"end":{"line":252,"column":29}}},"37":{"name":"(anonymous_37)","line":256,"loc":{"start":{"line":256,"column":30},"end":{"line":256,"column":49}}},"38":{"name":"checkDate","line":302,"loc":{"start":{"line":302,"column":0},"end":{"line":302,"column":27}}},"39":{"name":"(anonymous_39)","line":312,"loc":{"start":{"line":312,"column":17},"end":{"line":312,"column":57}}}},"statementMap":{"1":{"start":{"line":1,"column":0},"end":{"line":1,"column":33}},"2":{"start":{"line":2,"column":0},"end":{"line":2,"column":30}},"3":{"start":{"line":3,"column":0},"end":{"line":3,"column":29}},"4":{"start":{"line":4,"column":0},"end":{"line":4,"column":29}},"5":{"start":{"line":5,"column":0},"end":{"line":5,"column":33}},"6":{"start":{"line":6,"column":0},"end":{"line":6,"column":35}},"7":{"start":{"line":7,"column":0},"end":{"line":7,"column":23}},"8":{"start":{"line":8,"column":0},"end":{"line":8,"column":9}},"9":{"start":{"line":9,"column":0},"end":{"line":9,"column":13}},"10":{"start":{"line":10,"column":0},"end":{"line":10,"column":16}},"11":{"start":{"line":11,"column":0},"end":{"line":11,"column":43}},"12":{"start":{"line":13,"column":0},"end":{"line":15,"column":1}},"13":{"start":{"line":14,"column":1},"end":{"line":14,"column":128}},"14":{"start":{"line":17,"column":0},"end":{"line":39,"column":1}},"15":{"start":{"line":18,"column":1},"end":{"line":18,"column":21}},"16":{"start":{"line":19,"column":1},"end":{"line":19,"column":30}},"17":{"start":{"line":20,"column":1},"end":{"line":25,"column":4}},"18":{"start":{"line":21,"column":2},"end":{"line":21,"column":24}},"19":{"start":{"line":22,"column":2},"end":{"line":24,"column":5}},"20":{"start":{"line":23,"column":3},"end":{"line":23,"column":137}},"21":{"start":{"line":26,"column":1},"end":{"line":38,"column":4}},"22":{"start":{"line":27,"column":4},"end":{"line":27,"column":54}},"23":{"start":{"line":27,"column":13},"end":{"line":27,"column":52}},"24":{"start":{"line":29,"column":4},"end":{"line":29,"column":19}},"25":{"start":{"line":30,"column":4},"end":{"line":32,"column":7}},"26":{"start":{"line":31,"column":5},"end":{"line":31,"column":50}},"27":{"start":{"line":34,"column":4},"end":{"line":34,"column":31}},"28":{"start":{"line":37,"column":4},"end":{"line":37,"column":19}},"29":{"start":{"line":41,"column":0},"end":{"line":94,"column":1}},"30":{"start":{"line":42,"column":1},"end":{"line":42,"column":16}},"31":{"start":{"line":43,"column":1},"end":{"line":43,"column":19}},"32":{"start":{"line":44,"column":1},"end":{"line":44,"column":14}},"33":{"start":{"line":45,"column":1},"end":{"line":93,"column":2}},"34":{"start":{"line":46,"column":2},"end":{"line":46,"column":29}},"35":{"start":{"line":47,"column":2},"end":{"line":47,"column":28}},"36":{"start":{"line":48,"column":2},"end":{"line":48,"column":28}},"37":{"start":{"line":49,"column":2},"end":{"line":57,"column":5}},"38":{"start":{"line":50,"column":3},"end":{"line":50,"column":53}},"39":{"start":{"line":50,"column":12},"end":{"line":50,"column":51}},"40":{"start":{"line":52,"column":3},"end":{"line":56,"column":4}},"41":{"start":{"line":53,"column":4},"end":{"line":53,"column":36}},"42":{"start":{"line":55,"column":4},"end":{"line":55,"column":29}},"43":{"start":{"line":59,"column":2},"end":{"line":59,"column":15}},"44":{"start":{"line":60,"column":2},"end":{"line":64,"column":3}},"45":{"start":{"line":61,"column":3},"end":{"line":61,"column":43}},"46":{"start":{"line":62,"column":3},"end":{"line":62,"column":65}},"47":{"start":{"line":63,"column":3},"end":{"line":63,"column":34}},"48":{"start":{"line":65,"column":2},"end":{"line":69,"column":3}},"49":{"start":{"line":66,"column":3},"end":{"line":66,"column":40}},"50":{"start":{"line":67,"column":3},"end":{"line":67,"column":57}},"51":{"start":{"line":68,"column":3},"end":{"line":68,"column":32}},"52":{"start":{"line":70,"column":2},"end":{"line":72,"column":3}},"53":{"start":{"line":71,"column":3},"end":{"line":71,"column":51}},"54":{"start":{"line":73,"column":2},"end":{"line":77,"column":3}},"55":{"start":{"line":74,"column":3},"end":{"line":74,"column":49}},"56":{"start":{"line":75,"column":3},"end":{"line":75,"column":114}},"57":{"start":{"line":75,"column":50},"end":{"line":75,"column":113}},"58":{"start":{"line":76,"column":3},"end":{"line":76,"column":29}},"59":{"start":{"line":78,"column":2},"end":{"line":82,"column":3}},"60":{"start":{"line":79,"column":3},"end":{"line":79,"column":41}},"61":{"start":{"line":80,"column":3},"end":{"line":80,"column":80}},"62":{"start":{"line":80,"column":22},"end":{"line":80,"column":79}},"63":{"start":{"line":81,"column":3},"end":{"line":81,"column":21}},"64":{"start":{"line":83,"column":2},"end":{"line":92,"column":4}},"65":{"start":{"line":84,"column":3},"end":{"line":84,"column":53}},"66":{"start":{"line":84,"column":12},"end":{"line":84,"column":51}},"67":{"start":{"line":85,"column":3},"end":{"line":90,"column":4}},"68":{"start":{"line":91,"column":3},"end":{"line":91,"column":18}},"69":{"start":{"line":96,"column":0},"end":{"line":105,"column":1}},"70":{"start":{"line":97,"column":1},"end":{"line":97,"column":31}},"71":{"start":{"line":98,"column":1},"end":{"line":104,"column":4}},"72":{"start":{"line":99,"column":2},"end":{"line":103,"column":3}},"73":{"start":{"line":99,"column":11},"end":{"line":99,"column":50}},"74":{"start":{"line":101,"column":3},"end":{"line":101,"column":19}},"75":{"start":{"line":102,"column":3},"end":{"line":102,"column":23}},"76":{"start":{"line":107,"column":0},"end":{"line":130,"column":1}},"77":{"start":{"line":108,"column":1},"end":{"line":114,"column":4}},"78":{"start":{"line":109,"column":2},"end":{"line":113,"column":3}},"79":{"start":{"line":109,"column":11},"end":{"line":109,"column":50}},"80":{"start":{"line":111,"column":3},"end":{"line":111,"column":19}},"81":{"start":{"line":112,"column":3},"end":{"line":112,"column":18}},"82":{"start":{"line":132,"column":0},"end":{"line":143,"column":1}},"83":{"start":{"line":133,"column":4},"end":{"line":142,"column":6}},"84":{"start":{"line":134,"column":8},"end":{"line":137,"column":9}},"85":{"start":{"line":135,"column":12},"end":{"line":135,"column":33}},"86":{"start":{"line":136,"column":12},"end":{"line":136,"column":47}},"87":{"start":{"line":138,"column":8},"end":{"line":141,"column":11}},"88":{"start":{"line":139,"column":12},"end":{"line":139,"column":62}},"89":{"start":{"line":139,"column":21},"end":{"line":139,"column":60}},"90":{"start":{"line":140,"column":3},"end":{"line":140,"column":50}},"91":{"start":{"line":145,"column":0},"end":{"line":155,"column":1}},"92":{"start":{"line":146,"column":1},"end":{"line":154,"column":5}},"93":{"start":{"line":148,"column":3},"end":{"line":148,"column":53}},"94":{"start":{"line":148,"column":12},"end":{"line":148,"column":51}},"95":{"start":{"line":149,"column":3},"end":{"line":153,"column":4}},"96":{"start":{"line":150,"column":4},"end":{"line":150,"column":35}},"97":{"start":{"line":152,"column":4},"end":{"line":152,"column":19}},"98":{"start":{"line":157,"column":0},"end":{"line":173,"column":1}},"99":{"start":{"line":158,"column":1},"end":{"line":172,"column":4}},"100":{"start":{"line":159,"column":2},"end":{"line":171,"column":5}},"101":{"start":{"line":160,"column":3},"end":{"line":160,"column":53}},"102":{"start":{"line":160,"column":12},"end":{"line":160,"column":51}},"103":{"start":{"line":161,"column":3},"end":{"line":161,"column":81}},"104":{"start":{"line":161,"column":29},"end":{"line":161,"column":79}},"105":{"start":{"line":162,"column":3},"end":{"line":162,"column":111}},"106":{"start":{"line":162,"column":48},"end":{"line":162,"column":109}},"107":{"start":{"line":163,"column":3},"end":{"line":163,"column":37}},"108":{"start":{"line":164,"column":3},"end":{"line":170,"column":6}},"109":{"start":{"line":165,"column":4},"end":{"line":165,"column":54}},"110":{"start":{"line":165,"column":13},"end":{"line":165,"column":52}},"111":{"start":{"line":166,"column":4},"end":{"line":169,"column":6}},"112":{"start":{"line":167,"column":5},"end":{"line":167,"column":44}},"113":{"start":{"line":168,"column":5},"end":{"line":168,"column":20}},"114":{"start":{"line":175,"column":0},"end":{"line":189,"column":1}},"115":{"start":{"line":176,"column":1},"end":{"line":188,"column":4}},"116":{"start":{"line":177,"column":2},"end":{"line":177,"column":80}},"117":{"start":{"line":177,"column":28},"end":{"line":177,"column":78}},"118":{"start":{"line":178,"column":2},"end":{"line":178,"column":63}},"119":{"start":{"line":179,"column":2},"end":{"line":187,"column":3}},"120":{"start":{"line":180,"column":3},"end":{"line":180,"column":38}},"121":{"start":{"line":181,"column":3},"end":{"line":184,"column":6}},"122":{"start":{"line":182,"column":4},"end":{"line":182,"column":54}},"123":{"start":{"line":182,"column":13},"end":{"line":182,"column":52}},"124":{"start":{"line":183,"column":4},"end":{"line":183,"column":37}},"125":{"start":{"line":186,"column":3},"end":{"line":186,"column":58}},"126":{"start":{"line":191,"column":0},"end":{"line":203,"column":1}},"127":{"start":{"line":192,"column":1},"end":{"line":192,"column":29}},"128":{"start":{"line":193,"column":1},"end":{"line":202,"column":4}},"129":{"start":{"line":194,"column":2},"end":{"line":194,"column":52}},"130":{"start":{"line":194,"column":11},"end":{"line":194,"column":50}},"131":{"start":{"line":195,"column":2},"end":{"line":195,"column":116}},"132":{"start":{"line":195,"column":49},"end":{"line":195,"column":114}},"133":{"start":{"line":196,"column":2},"end":{"line":196,"column":80}},"134":{"start":{"line":196,"column":28},"end":{"line":196,"column":78}},"135":{"start":{"line":197,"column":2},"end":{"line":197,"column":38}},"136":{"start":{"line":198,"column":2},"end":{"line":201,"column":6}},"137":{"start":{"line":199,"column":3},"end":{"line":199,"column":53}},"138":{"start":{"line":199,"column":12},"end":{"line":199,"column":51}},"139":{"start":{"line":200,"column":4},"end":{"line":200,"column":19}},"140":{"start":{"line":205,"column":0},"end":{"line":226,"column":1}},"141":{"start":{"line":206,"column":1},"end":{"line":206,"column":29}},"142":{"start":{"line":207,"column":1},"end":{"line":207,"column":30}},"143":{"start":{"line":208,"column":1},"end":{"line":225,"column":4}},"144":{"start":{"line":209,"column":2},"end":{"line":209,"column":52}},"145":{"start":{"line":209,"column":11},"end":{"line":209,"column":50}},"146":{"start":{"line":210,"column":2},"end":{"line":210,"column":80}},"147":{"start":{"line":210,"column":28},"end":{"line":210,"column":78}},"148":{"start":{"line":212,"column":2},"end":{"line":223,"column":3}},"149":{"start":{"line":213,"column":2},"end":{"line":213,"column":61}},"150":{"start":{"line":214,"column":2},"end":{"line":214,"column":19}},"151":{"start":{"line":215,"column":2},"end":{"line":215,"column":22}},"152":{"start":{"line":216,"column":2},"end":{"line":219,"column":6}},"153":{"start":{"line":217,"column":3},"end":{"line":217,"column":53}},"154":{"start":{"line":217,"column":12},"end":{"line":217,"column":51}},"155":{"start":{"line":218,"column":4},"end":{"line":218,"column":19}},"156":{"start":{"line":222,"column":3},"end":{"line":222,"column":68}},"157":{"start":{"line":228,"column":0},"end":{"line":242,"column":1}},"158":{"start":{"line":229,"column":1},"end":{"line":241,"column":4}},"159":{"start":{"line":230,"column":2},"end":{"line":230,"column":72}},"160":{"start":{"line":231,"column":2},"end":{"line":231,"column":80}},"161":{"start":{"line":231,"column":28},"end":{"line":231,"column":78}},"162":{"start":{"line":232,"column":2},"end":{"line":240,"column":3}},"163":{"start":{"line":233,"column":3},"end":{"line":233,"column":44}},"164":{"start":{"line":234,"column":3},"end":{"line":237,"column":6}},"165":{"start":{"line":235,"column":4},"end":{"line":235,"column":54}},"166":{"start":{"line":235,"column":13},"end":{"line":235,"column":52}},"167":{"start":{"line":236,"column":4},"end":{"line":236,"column":37}},"168":{"start":{"line":239,"column":3},"end":{"line":239,"column":61}},"169":{"start":{"line":252,"column":0},"end":{"line":300,"column":1}},"170":{"start":{"line":253,"column":1},"end":{"line":253,"column":21}},"171":{"start":{"line":254,"column":1},"end":{"line":254,"column":27}},"172":{"start":{"line":256,"column":1},"end":{"line":299,"column":4}},"173":{"start":{"line":257,"column":2},"end":{"line":257,"column":52}},"174":{"start":{"line":257,"column":11},"end":{"line":257,"column":50}},"175":{"start":{"line":258,"column":2},"end":{"line":258,"column":87}},"176":{"start":{"line":258,"column":27},"end":{"line":258,"column":85}},"177":{"start":{"line":259,"column":2},"end":{"line":259,"column":23}},"178":{"start":{"line":261,"column":2},"end":{"line":296,"column":9}},"179":{"start":{"line":262,"column":3},"end":{"line":262,"column":30}},"180":{"start":{"line":263,"column":3},"end":{"line":263,"column":37}},"181":{"start":{"line":264,"column":3},"end":{"line":264,"column":23}},"182":{"start":{"line":265,"column":3},"end":{"line":265,"column":21}},"183":{"start":{"line":266,"column":3},"end":{"line":266,"column":22}},"184":{"start":{"line":267,"column":3},"end":{"line":278,"column":4}},"185":{"start":{"line":268,"column":4},"end":{"line":276,"column":5}},"186":{"start":{"line":269,"column":5},"end":{"line":275,"column":6}},"187":{"start":{"line":270,"column":6},"end":{"line":272,"column":7}},"188":{"start":{"line":271,"column":7},"end":{"line":271,"column":34}},"189":{"start":{"line":274,"column":6},"end":{"line":274,"column":33}},"190":{"start":{"line":279,"column":3},"end":{"line":279,"column":22}},"191":{"start":{"line":280,"column":3},"end":{"line":280,"column":18}},"192":{"start":{"line":281,"column":3},"end":{"line":291,"column":4}},"193":{"start":{"line":282,"column":4},"end":{"line":290,"column":5}},"194":{"start":{"line":283,"column":5},"end":{"line":289,"column":6}},"195":{"start":{"line":284,"column":6},"end":{"line":286,"column":7}},"196":{"start":{"line":285,"column":7},"end":{"line":285,"column":34}},"197":{"start":{"line":288,"column":6},"end":{"line":288,"column":33}},"198":{"start":{"line":292,"column":3},"end":{"line":292,"column":20}},"199":{"start":{"line":293,"column":3},"end":{"line":293,"column":43}},"200":{"start":{"line":295,"column":3},"end":{"line":295,"column":71}},"201":{"start":{"line":298,"column":8},"end":{"line":298,"column":29}},"202":{"start":{"line":302,"column":0},"end":{"line":308,"column":1}},"203":{"start":{"line":303,"column":1},"end":{"line":303,"column":22}},"204":{"start":{"line":304,"column":3},"end":{"line":306,"column":5}},"205":{"start":{"line":305,"column":5},"end":{"line":305,"column":18}},"206":{"start":{"line":307,"column":4},"end":{"line":307,"column":16}},"207":{"start":{"line":312,"column":0},"end":{"line":348,"column":2}},"208":{"start":{"line":313,"column":1},"end":{"line":313,"column":49}},"209":{"start":{"line":314,"column":1},"end":{"line":314,"column":31}},"210":{"start":{"line":315,"column":1},"end":{"line":315,"column":39}},"211":{"start":{"line":316,"column":1},"end":{"line":316,"column":27}},"212":{"start":{"line":319,"column":1},"end":{"line":321,"column":48}},"213":{"start":{"line":323,"column":1},"end":{"line":326,"column":53}},"214":{"start":{"line":328,"column":1},"end":{"line":329,"column":52}},"215":{"start":{"line":331,"column":1},"end":{"line":333,"column":51}},"216":{"start":{"line":335,"column":1},"end":{"line":336,"column":19}},"217":{"start":{"line":338,"column":1},"end":{"line":339,"column":57}},"218":{"start":{"line":341,"column":1},"end":{"line":342,"column":56}},"219":{"start":{"line":344,"column":1},"end":{"line":345,"column":62}},"220":{"start":{"line":347,"column":1},"end":{"line":347,"column":15}}},"branchMap":{"1":{"line":27,"type":"if","locations":[{"start":{"line":27,"column":4},"end":{"line":27,"column":4}},{"start":{"line":27,"column":4},"end":{"line":27,"column":4}}]},"2":{"line":45,"type":"if","locations":[{"start":{"line":45,"column":1},"end":{"line":45,"column":1}},{"start":{"line":45,"column":1},"end":{"line":45,"column":1}}]},"3":{"line":50,"type":"if","locations":[{"start":{"line":50,"column":3},"end":{"line":50,"column":3}},{"start":{"line":50,"column":3},"end":{"line":50,"column":3}}]},"4":{"line":52,"type":"if","locations":[{"start":{"line":52,"column":3},"end":{"line":52,"column":3}},{"start":{"line":52,"column":3},"end":{"line":52,"column":3}}]},"5":{"line":52,"type":"binary-expr","locations":[{"start":{"line":52,"column":6},"end":{"line":52,"column":30}},{"start":{"line":52,"column":35},"end":{"line":52,"column":62}}]},"6":{"line":60,"type":"if","locations":[{"start":{"line":60,"column":2},"end":{"line":60,"column":2}},{"start":{"line":60,"column":2},"end":{"line":60,"column":2}}]},"7":{"line":65,"type":"if","locations":[{"start":{"line":65,"column":2},"end":{"line":65,"column":2}},{"start":{"line":65,"column":2},"end":{"line":65,"column":2}}]},"8":{"line":70,"type":"if","locations":[{"start":{"line":70,"column":2},"end":{"line":70,"column":2}},{"start":{"line":70,"column":2},"end":{"line":70,"column":2}}]},"9":{"line":73,"type":"if","locations":[{"start":{"line":73,"column":2},"end":{"line":73,"column":2}},{"start":{"line":73,"column":2},"end":{"line":73,"column":2}}]},"10":{"line":75,"type":"if","locations":[{"start":{"line":75,"column":3},"end":{"line":75,"column":3}},{"start":{"line":75,"column":3},"end":{"line":75,"column":3}}]},"11":{"line":75,"type":"binary-expr","locations":[{"start":{"line":75,"column":6},"end":{"line":75,"column":26}},{"start":{"line":75,"column":30},"end":{"line":75,"column":48}}]},"12":{"line":78,"type":"if","locations":[{"start":{"line":78,"column":2},"end":{"line":78,"column":2}},{"start":{"line":78,"column":2},"end":{"line":78,"column":2}}]},"13":{"line":80,"type":"if","locations":[{"start":{"line":80,"column":3},"end":{"line":80,"column":3}},{"start":{"line":80,"column":3},"end":{"line":80,"column":3}}]},"14":{"line":84,"type":"if","locations":[{"start":{"line":84,"column":3},"end":{"line":84,"column":3}},{"start":{"line":84,"column":3},"end":{"line":84,"column":3}}]},"15":{"line":99,"type":"if","locations":[{"start":{"line":99,"column":2},"end":{"line":99,"column":2}},{"start":{"line":99,"column":2},"end":{"line":99,"column":2}}]},"16":{"line":109,"type":"if","locations":[{"start":{"line":109,"column":2},"end":{"line":109,"column":2}},{"start":{"line":109,"column":2},"end":{"line":109,"column":2}}]},"17":{"line":134,"type":"if","locations":[{"start":{"line":134,"column":8},"end":{"line":134,"column":8}},{"start":{"line":134,"column":8},"end":{"line":134,"column":8}}]},"18":{"line":139,"type":"if","locations":[{"start":{"line":139,"column":12},"end":{"line":139,"column":12}},{"start":{"line":139,"column":12},"end":{"line":139,"column":12}}]},"19":{"line":148,"type":"if","locations":[{"start":{"line":148,"column":3},"end":{"line":148,"column":3}},{"start":{"line":148,"column":3},"end":{"line":148,"column":3}}]},"20":{"line":149,"type":"if","locations":[{"start":{"line":149,"column":3},"end":{"line":149,"column":3}},{"start":{"line":149,"column":3},"end":{"line":149,"column":3}}]},"21":{"line":149,"type":"binary-expr","locations":[{"start":{"line":149,"column":6},"end":{"line":149,"column":27}},{"start":{"line":149,"column":32},"end":{"line":149,"column":56}}]},"22":{"line":160,"type":"if","locations":[{"start":{"line":160,"column":3},"end":{"line":160,"column":3}},{"start":{"line":160,"column":3},"end":{"line":160,"column":3}}]},"23":{"line":161,"type":"if","locations":[{"start":{"line":161,"column":3},"end":{"line":161,"column":3}},{"start":{"line":161,"column":3},"end":{"line":161,"column":3}}]},"24":{"line":162,"type":"if","locations":[{"start":{"line":162,"column":3},"end":{"line":162,"column":3}},{"start":{"line":162,"column":3},"end":{"line":162,"column":3}}]},"25":{"line":165,"type":"if","locations":[{"start":{"line":165,"column":4},"end":{"line":165,"column":4}},{"start":{"line":165,"column":4},"end":{"line":165,"column":4}}]},"26":{"line":177,"type":"if","locations":[{"start":{"line":177,"column":2},"end":{"line":177,"column":2}},{"start":{"line":177,"column":2},"end":{"line":177,"column":2}}]},"27":{"line":179,"type":"if","locations":[{"start":{"line":179,"column":2},"end":{"line":179,"column":2}},{"start":{"line":179,"column":2},"end":{"line":179,"column":2}}]},"28":{"line":182,"type":"if","locations":[{"start":{"line":182,"column":4},"end":{"line":182,"column":4}},{"start":{"line":182,"column":4},"end":{"line":182,"column":4}}]},"29":{"line":194,"type":"if","locations":[{"start":{"line":194,"column":2},"end":{"line":194,"column":2}},{"start":{"line":194,"column":2},"end":{"line":194,"column":2}}]},"30":{"line":195,"type":"if","locations":[{"start":{"line":195,"column":2},"end":{"line":195,"column":2}},{"start":{"line":195,"column":2},"end":{"line":195,"column":2}}]},"31":{"line":196,"type":"if","locations":[{"start":{"line":196,"column":2},"end":{"line":196,"column":2}},{"start":{"line":196,"column":2},"end":{"line":196,"column":2}}]},"32":{"line":199,"type":"if","locations":[{"start":{"line":199,"column":3},"end":{"line":199,"column":3}},{"start":{"line":199,"column":3},"end":{"line":199,"column":3}}]},"33":{"line":209,"type":"if","locations":[{"start":{"line":209,"column":2},"end":{"line":209,"column":2}},{"start":{"line":209,"column":2},"end":{"line":209,"column":2}}]},"34":{"line":210,"type":"if","locations":[{"start":{"line":210,"column":2},"end":{"line":210,"column":2}},{"start":{"line":210,"column":2},"end":{"line":210,"column":2}}]},"35":{"line":212,"type":"if","locations":[{"start":{"line":212,"column":2},"end":{"line":212,"column":2}},{"start":{"line":212,"column":2},"end":{"line":212,"column":2}}]},"36":{"line":217,"type":"if","locations":[{"start":{"line":217,"column":3},"end":{"line":217,"column":3}},{"start":{"line":217,"column":3},"end":{"line":217,"column":3}}]},"37":{"line":231,"type":"if","locations":[{"start":{"line":231,"column":2},"end":{"line":231,"column":2}},{"start":{"line":231,"column":2},"end":{"line":231,"column":2}}]},"38":{"line":232,"type":"if","locations":[{"start":{"line":232,"column":2},"end":{"line":232,"column":2}},{"start":{"line":232,"column":2},"end":{"line":232,"column":2}}]},"39":{"line":235,"type":"if","locations":[{"start":{"line":235,"column":4},"end":{"line":235,"column":4}},{"start":{"line":235,"column":4},"end":{"line":235,"column":4}}]},"40":{"line":257,"type":"if","locations":[{"start":{"line":257,"column":2},"end":{"line":257,"column":2}},{"start":{"line":257,"column":2},"end":{"line":257,"column":2}}]},"41":{"line":258,"type":"if","locations":[{"start":{"line":258,"column":2},"end":{"line":258,"column":2}},{"start":{"line":258,"column":2},"end":{"line":258,"column":2}}]},"42":{"line":268,"type":"if","locations":[{"start":{"line":268,"column":4},"end":{"line":268,"column":4}},{"start":{"line":268,"column":4},"end":{"line":268,"column":4}}]},"43":{"line":269,"type":"if","locations":[{"start":{"line":269,"column":5},"end":{"line":269,"column":5}},{"start":{"line":269,"column":5},"end":{"line":269,"column":5}}]},"44":{"line":270,"type":"if","locations":[{"start":{"line":270,"column":6},"end":{"line":270,"column":6}},{"start":{"line":270,"column":6},"end":{"line":270,"column":6}}]},"45":{"line":282,"type":"if","locations":[{"start":{"line":282,"column":4},"end":{"line":282,"column":4}},{"start":{"line":282,"column":4},"end":{"line":282,"column":4}}]},"46":{"line":283,"type":"if","locations":[{"start":{"line":283,"column":5},"end":{"line":283,"column":5}},{"start":{"line":283,"column":5},"end":{"line":283,"column":5}}]},"47":{"line":284,"type":"if","locations":[{"start":{"line":284,"column":6},"end":{"line":284,"column":6}},{"start":{"line":284,"column":6},"end":{"line":284,"column":6}}]},"48":{"line":304,"type":"if","locations":[{"start":{"line":304,"column":3},"end":{"line":304,"column":3}},{"start":{"line":304,"column":3},"end":{"line":304,"column":3}}]}}},"C:\\Users\\Joep\\Documents\\Everyware\\Webs5\\restrace\\routes\\backend.js":{"path":"C:\\Users\\Joep\\Documents\\Everyware\\Webs5\\restrace\\routes\\backend.js","s":{"1":1,"2":1,"3":1,"4":1,"5":1,"6":1,"7":1},"b":{},"f":{"1":1,"2":1},"fnMap":{"1":{"name":"(anonymous_1)","line":13,"loc":{"start":{"line":13,"column":17},"end":{"line":13,"column":32}}},"2":{"name":"(anonymous_2)","line":16,"loc":{"start":{"line":16,"column":56},"end":{"line":16,"column":75}}}},"statementMap":{"1":{"start":{"line":1,"column":0},"end":{"line":1,"column":33}},"2":{"start":{"line":2,"column":0},"end":{"line":2,"column":23}},"3":{"start":{"line":11,"column":0},"end":{"line":11,"column":24}},"4":{"start":{"line":13,"column":0},"end":{"line":24,"column":2}},"5":{"start":{"line":16,"column":4},"end":{"line":21,"column":4}},"6":{"start":{"line":17,"column":5},"end":{"line":20,"column":8}},"7":{"start":{"line":23,"column":1},"end":{"line":23,"column":15}}},"branchMap":{}},"C:\\Users\\Joep\\Documents\\Everyware\\Webs5\\restrace\\app\\routes.js":{"path":"C:\\Users\\Joep\\Documents\\Everyware\\Webs5\\restrace\\app\\routes.js","s":{"1":1,"2":1,"3":0,"4":1,"5":0,"6":1,"7":1,"8":1,"9":0,"10":1,"11":1,"12":1,"13":1,"14":1,"15":0,"16":1,"17":1,"18":1,"19":1,"20":3,"21":3,"22":1,"23":2,"24":1,"25":1},"b":{"1":[1,1]},"f":{"1":1,"2":0,"3":0,"4":0,"5":1,"6":0,"7":3,"8":2},"fnMap":{"1":{"name":"(anonymous_1)","line":1,"loc":{"start":{"line":1,"column":17},"end":{"line":1,"column":41}}},"2":{"name":"(anonymous_2)","line":6,"loc":{"start":{"line":6,"column":17},"end":{"line":6,"column":36}}},"3":{"name":"(anonymous_3)","line":14,"loc":{"start":{"line":14,"column":22},"end":{"line":14,"column":41}}},"4":{"name":"(anonymous_4)","line":37,"loc":{"start":{"line":37,"column":23},"end":{"line":37,"column":42}}},"5":{"name":"(anonymous_5)","line":51,"loc":{"start":{"line":51,"column":36},"end":{"line":51,"column":55}}},"6":{"name":"(anonymous_6)","line":71,"loc":{"start":{"line":71,"column":34},"end":{"line":71,"column":53}}},"7":{"name":"(anonymous_7)","line":95,"loc":{"start":{"line":95,"column":23},"end":{"line":95,"column":42}}},"8":{"name":"isLoggedIn","line":102,"loc":{"start":{"line":102,"column":0},"end":{"line":102,"column":36}}}},"statementMap":{"1":{"start":{"line":1,"column":0},"end":{"line":99,"column":2}},"2":{"start":{"line":6,"column":4},"end":{"line":8,"column":7}},"3":{"start":{"line":7,"column":8},"end":{"line":7,"column":33}},"4":{"start":{"line":14,"column":4},"end":{"line":17,"column":7}},"5":{"start":{"line":16,"column":8},"end":{"line":16,"column":72}},"6":{"start":{"line":20,"column":4},"end":{"line":24,"column":8}},"7":{"start":{"line":28,"column":4},"end":{"line":32,"column":8}},"8":{"start":{"line":37,"column":4},"end":{"line":41,"column":7}},"9":{"start":{"line":40,"column":8},"end":{"line":40,"column":74}},"10":{"start":{"line":51,"column":4},"end":{"line":55,"column":7}},"11":{"start":{"line":52,"column":8},"end":{"line":54,"column":11}},"12":{"start":{"line":61,"column":4},"end":{"line":61,"column":86}},"13":{"start":{"line":64,"column":4},"end":{"line":68,"column":11}},"14":{"start":{"line":71,"column":8},"end":{"line":73,"column":11}},"15":{"start":{"line":72,"column":12},"end":{"line":72,"column":85}},"16":{"start":{"line":74,"column":8},"end":{"line":78,"column":12}},"17":{"start":{"line":83,"column":8},"end":{"line":83,"column":90}},"18":{"start":{"line":86,"column":8},"end":{"line":90,"column":16}},"19":{"start":{"line":95,"column":4},"end":{"line":98,"column":7}},"20":{"start":{"line":96,"column":8},"end":{"line":96,"column":21}},"21":{"start":{"line":97,"column":8},"end":{"line":97,"column":26}},"22":{"start":{"line":102,"column":0},"end":{"line":110,"column":1}},"23":{"start":{"line":105,"column":4},"end":{"line":106,"column":22}},"24":{"start":{"line":106,"column":8},"end":{"line":106,"column":22}},"25":{"start":{"line":109,"column":4},"end":{"line":109,"column":22}}},"branchMap":{"1":{"line":105,"type":"if","locations":[{"start":{"line":105,"column":4},"end":{"line":105,"column":4}},{"start":{"line":105,"column":4},"end":{"line":105,"column":4}}]}}}}