TN:
SF:C:\Users\Joep\Documents\Everyware\Webs5\restrace\config\database.js
FNF:0
FNH:0
DA:1,1
LF:1
LH:1
BRF:0
BRH:0
end_of_record
TN:
SF:C:\Users\Joep\Documents\Everyware\Webs5\restrace\config\passport.js
FN:13,(anonymous_1)
FN:16,(anonymous_2)
FN:21,(anonymous_3)
FN:22,(anonymous_4)
FN:39,(anonymous_5)
FN:41,(anonymous_6)
FN:44,(anonymous_7)
FN:56,(anonymous_8)
FN:68,(anonymous_9)
FN:89,(anonymous_10)
FN:91,(anonymous_11)
FN:92,(anonymous_12)
FN:122,(anonymous_13)
FN:125,(anonymous_14)
FN:131,(anonymous_15)
FN:152,(anonymous_16)
FN:174,(anonymous_17)
FNF:17
FNH:7
FNDA:1,(anonymous_1)
FNDA:4,(anonymous_2)
FNDA:19,(anonymous_3)
FNDA:19,(anonymous_4)
FNDA:0,(anonymous_5)
FNDA:0,(anonymous_6)
FNDA:0,(anonymous_7)
FNDA:0,(anonymous_8)
FNDA:0,(anonymous_9)
FNDA:4,(anonymous_10)
FNDA:4,(anonymous_11)
FNDA:4,(anonymous_12)
FNDA:0,(anonymous_13)
FNDA:0,(anonymous_14)
FNDA:0,(anonymous_15)
FNDA:0,(anonymous_16)
FNDA:0,(anonymous_17)
DA:4,1
DA:5,1
DA:8,1
DA:11,1
DA:13,1
DA:16,1
DA:17,4
DA:21,1
DA:22,19
DA:23,19
DA:33,1
DA:41,0
DA:44,0
DA:46,0
DA:47,0
DA:49,0
DA:50,0
DA:52,0
DA:53,0
DA:54,0
DA:55,0
DA:56,0
DA:57,0
DA:58,0
DA:59,0
DA:65,0
DA:66,0
DA:67,0
DA:68,0
DA:69,0
DA:70,0
DA:71,0
DA:84,1
DA:91,4
DA:92,4
DA:94,4
DA:95,0
DA:97,4
DA:98,0
DA:99,4
DA:100,0
DA:103,4
DA:111,1
DA:125,0
DA:128,0
DA:131,0
DA:135,0
DA:136,0
DA:139,0
DA:140,0
DA:143,0
DA:146,0
DA:147,0
DA:148,0
DA:149,0
DA:152,0
DA:153,0
DA:154,0
DA:157,0
DA:165,0
DA:168,0
DA:169,0
DA:170,0
DA:171,0
DA:174,0
DA:175,0
DA:176,0
DA:177,0
LF:68
LH:19
BRDA:46,1,0,0
BRDA:46,1,1,0
BRDA:49,2,0,0
BRDA:49,2,1,0
BRDA:52,3,0,0
BRDA:52,3,1,0
BRDA:57,4,0,0
BRDA:57,4,1,0
BRDA:69,5,0,0
BRDA:69,5,1,0
BRDA:94,6,0,0
BRDA:94,6,1,4
BRDA:97,7,0,0
BRDA:97,7,1,4
BRDA:99,8,0,0
BRDA:99,8,1,4
BRDA:128,9,0,0
BRDA:128,9,1,0
BRDA:135,10,0,0
BRDA:135,10,1,0
BRDA:139,11,0,0
BRDA:139,11,1,0
BRDA:153,12,0,0
BRDA:153,12,1,0
BRDA:175,13,0,0
BRDA:175,13,1,0
BRF:26
BRH:3
end_of_record
TN:
SF:C:\Users\Joep\Documents\Everyware\Webs5\restrace\app\models\users.js
FN:26,(anonymous_1)
FN:31,(anonymous_2)
FN:34,(anonymous_3)
FN:39,(anonymous_4)
FN:50,(anonymous_5)
FN:55,(anonymous_6)
FNF:6
FNH:3
FNDA:0,(anonymous_1)
FNDA:4,(anonymous_2)
FNDA:10,(anonymous_3)
FNDA:8,(anonymous_4)
FNDA:0,(anonymous_5)
FNDA:0,(anonymous_6)
DA:3,1
DA:4,1
DA:6,1
DA:9,1
DA:26,1
DA:27,0
DA:31,1
DA:32,4
DA:34,1
DA:35,10
DA:36,10
DA:39,10
DA:40,10
DA:41,10
DA:43,8
DA:47,2
DA:50,1
DA:51,0
DA:52,0
DA:55,0
DA:56,0
DA:57,0
DA:59,0
DA:63,0
DA:67,1
LF:25
LH:17
BRDA:35,1,0,10
BRDA:35,1,1,0
BRDA:41,2,0,8
BRDA:41,2,1,2
BRDA:51,3,0,0
BRDA:51,3,1,0
BRDA:57,4,0,0
BRDA:57,4,1,0
BRF:8
BRH:3
end_of_record
TN:
SF:C:\Users\Joep\Documents\Everyware\Webs5\restrace\config\auth.js
FNF:0
FNH:0
DA:2,1
LF:1
LH:1
BRF:0
BRH:0
end_of_record
TN:
SF:C:\Users\Joep\Documents\Everyware\Webs5\restrace\app\models\waypoint.js
FN:1,(anonymous_1)
FN:10,(anonymous_2)
FN:11,(anonymous_3)
FN:13,(anonymous_4)
FNF:4
FNH:3
FNDA:1,(anonymous_1)
FNDA:1,(anonymous_2)
FNDA:1,(anonymous_3)
FNDA:0,(anonymous_4)
DA:1,1
DA:2,1
DA:10,1
DA:11,1
DA:12,1
DA:13,0
DA:14,0
DA:17,1
DA:25,1
DA:28,1
LF:10
LH:8
BRDA:12,1,0,0
BRDA:12,1,1,1
BRF:2
BRH:1
end_of_record
TN:
SF:C:\Users\Joep\Documents\Everyware\Webs5\restrace\app\models\race.js
FN:3,(anonymous_1)
FN:25,(anonymous_2)
FNF:2
FNH:2
FNDA:1,(anonymous_1)
FNDA:8,(anonymous_2)
DA:1,1
DA:3,1
DA:5,1
DA:7,1
DA:25,1
DA:26,8
DA:27,8
DA:28,8
DA:29,1
DA:31,8
DA:33,1
DA:39,1
DA:42,1
LF:13
LH:13
BRDA:28,1,0,1
BRDA:28,1,1,7
BRF:2
BRH:2
end_of_record
TN:
SF:C:\Users\Joep\Documents\Everyware\Webs5\restrace\config\connect-roles.js
FN:3,(anonymous_1)
FN:5,(anonymous_2)
FN:20,(anonymous_3)
FN:28,(anonymous_4)
FN:34,(anonymous_5)
FNF:5
FNH:5
FNDA:1,(anonymous_1)
FNDA:2,(anonymous_2)
FNDA:10,(anonymous_3)
FNDA:4,(anonymous_4)
FNDA:1,(anonymous_5)
DA:1,1
DA:3,1
DA:4,1
DA:8,2
DA:9,2
DA:10,2
DA:12,0
DA:15,2
DA:20,1
DA:21,10
DA:22,9
DA:23,8
DA:24,8
DA:28,1
DA:29,4
DA:30,4
DA:34,1
DA:35,1
DA:36,0
DA:40,1
LF:20
LH:18
BRDA:8,1,0,2
BRDA:8,1,1,2
BRDA:10,2,0,0
BRDA:10,2,1,2
BRDA:21,3,0,1
BRDA:21,3,1,9
BRDA:22,4,0,8
BRDA:22,4,1,1
BRDA:29,5,0,0
BRDA:29,5,1,4
BRDA:35,6,0,0
BRDA:35,6,1,1
BRF:12
BRH:9
end_of_record
TN:
SF:C:\Users\Joep\Documents\Everyware\Webs5\restrace\routes\index.js
FN:5,(anonymous_1)
FNF:1
FNH:0
FNDA:0,(anonymous_1)
DA:1,1
DA:2,1
DA:5,1
DA:6,0
DA:9,1
LF:5
LH:4
BRF:0
BRH:0
end_of_record
TN:
SF:C:\Users\Joep\Documents\Everyware\Webs5\restrace\routes\waypoints.js
FN:8,getWaypoints
FN:38,RetrieveData
FN:55,(anonymous_3)
FNF:3
FNH:1
FNDA:0,getWaypoints
FNDA:0,RetrieveData
FNDA:1,(anonymous_3)
DA:1,1
DA:2,1
DA:3,1
DA:4,1
DA:6,1
DA:8,1
DA:38,1
DA:55,1
DA:56,1
DA:59,1
DA:62,1
LF:11
LH:11
BRF:0
BRH:0
end_of_record
TN:
SF:C:\Users\Joep\Documents\Everyware\Webs5\restrace\routes\races.js
FN:13,getWaypointById
FN:17,fetchWaypoints
FN:20,(anonymous_3)
FN:22,(anonymous_4)
FN:26,(anonymous_5)
FN:30,(anonymous_6)
FN:41,getRaces
FN:49,(anonymous_8)
FN:83,(anonymous_9)
FN:96,addRace
FN:98,(anonymous_11)
FN:107,editRace
FN:108,(anonymous_13)
FN:132,deleteRace
FN:133,(anonymous_15)
FN:138,(anonymous_16)
FN:145,getWaypoints
FN:147,(anonymous_18)
FN:157,addWaypoint
FN:158,(anonymous_20)
FN:159,(anonymous_21)
FN:164,(anonymous_22)
FN:166,(anonymous_23)
FN:175,deleteWaypoint
FN:176,(anonymous_25)
FN:181,(anonymous_26)
FN:191,addParticipant
FN:193,(anonymous_28)
FN:198,(anonymous_29)
FN:205,addRaceTag
FN:208,(anonymous_31)
FN:216,(anonymous_32)
FN:228,deleteParticipant
FN:229,(anonymous_34)
FN:234,(anonymous_35)
FN:252,getResults
FN:256,(anonymous_37)
FN:302,checkDate
FN:312,(anonymous_39)
FNF:39
FNH:34
FNDA:0,getWaypointById
FNDA:1,fetchWaypoints
FNDA:1,(anonymous_3)
FNDA:1,(anonymous_4)
FNDA:1,(anonymous_5)
FNDA:1,(anonymous_6)
FNDA:2,getRaces
FNDA:1,(anonymous_8)
FNDA:1,(anonymous_9)
FNDA:2,addRace
FNDA:2,(anonymous_11)
FNDA:0,editRace
FNDA:0,(anonymous_13)
FNDA:2,deleteRace
FNDA:2,(anonymous_15)
FNDA:1,(anonymous_16)
FNDA:1,getWaypoints
FNDA:1,(anonymous_18)
FNDA:1,addWaypoint
FNDA:1,(anonymous_20)
FNDA:1,(anonymous_21)
FNDA:1,(anonymous_22)
FNDA:1,(anonymous_23)
FNDA:2,deleteWaypoint
FNDA:2,(anonymous_25)
FNDA:1,(anonymous_26)
FNDA:1,addParticipant
FNDA:1,(anonymous_28)
FNDA:1,(anonymous_29)
FNDA:1,addRaceTag
FNDA:1,(anonymous_31)
FNDA:1,(anonymous_32)
FNDA:2,deleteParticipant
FNDA:2,(anonymous_34)
FNDA:1,(anonymous_35)
FNDA:0,getResults
FNDA:0,(anonymous_37)
FNDA:7,checkDate
FNDA:1,(anonymous_39)
DA:1,1
DA:2,1
DA:3,1
DA:4,1
DA:5,1
DA:6,1
DA:7,1
DA:8,1
DA:9,1
DA:10,1
DA:11,1
DA:13,1
DA:14,0
DA:17,1
DA:18,1
DA:19,1
DA:20,1
DA:21,1
DA:22,1
DA:23,1
DA:26,1
DA:27,1
DA:29,1
DA:30,1
DA:31,1
DA:34,1
DA:37,1
DA:41,1
DA:42,2
DA:43,2
DA:44,2
DA:45,2
DA:46,1
DA:47,1
DA:48,1
DA:49,1
DA:50,1
DA:52,1
DA:53,1
DA:55,0
DA:59,1
DA:60,1
DA:61,0
DA:62,0
DA:63,0
DA:65,1
DA:66,0
DA:67,0
DA:68,0
DA:70,1
DA:71,0
DA:73,1
DA:74,0
DA:75,0
DA:76,0
DA:78,1
DA:79,0
DA:80,0
DA:81,0
DA:83,1
DA:84,1
DA:85,1
DA:91,1
DA:96,1
DA:97,2
DA:98,2
DA:99,2
DA:101,1
DA:102,1
DA:107,1
DA:108,0
DA:109,0
DA:111,0
DA:112,0
DA:132,1
DA:133,2
DA:134,2
DA:135,1
DA:136,1
DA:138,2
DA:139,1
DA:140,1
DA:145,1
DA:146,1
DA:148,1
DA:149,1
DA:150,0
DA:152,1
DA:157,1
DA:158,1
DA:159,1
DA:160,1
DA:161,1
DA:162,1
DA:163,1
DA:164,1
DA:165,1
DA:166,1
DA:167,1
DA:168,1
DA:175,1
DA:176,2
DA:177,2
DA:178,2
DA:179,2
DA:180,1
DA:181,1
DA:182,1
DA:183,1
DA:186,1
DA:191,1
DA:192,1
DA:193,1
DA:194,1
DA:195,1
DA:196,1
DA:197,1
DA:198,1
DA:199,1
DA:200,1
DA:205,1
DA:206,1
DA:207,1
DA:208,1
DA:209,1
DA:210,1
DA:212,1
DA:213,1
DA:214,1
DA:215,1
DA:216,1
DA:217,1
DA:218,1
DA:222,0
DA:228,1
DA:229,2
DA:230,2
DA:231,2
DA:232,2
DA:233,1
DA:234,1
DA:235,1
DA:236,1
DA:239,1
DA:252,1
DA:253,0
DA:254,0
DA:256,0
DA:257,0
DA:258,0
DA:259,0
DA:261,0
DA:262,0
DA:263,0
DA:264,0
DA:265,0
DA:266,0
DA:267,0
DA:268,0
DA:269,0
DA:270,0
DA:271,0
DA:274,0
DA:279,0
DA:280,0
DA:281,0
DA:282,0
DA:283,0
DA:284,0
DA:285,0
DA:288,0
DA:292,0
DA:293,0
DA:295,0
DA:298,0
DA:302,1
DA:303,7
DA:304,7
DA:305,0
DA:307,7
DA:312,1
DA:313,1
DA:314,1
DA:315,1
DA:316,1
DA:319,1
DA:323,1
DA:328,1
DA:331,1
DA:335,1
DA:338,1
DA:341,1
DA:344,1
DA:347,1
LF:194
LH:142
BRDA:27,1,0,0
BRDA:27,1,1,1
BRDA:45,2,0,1
BRDA:45,2,1,1
BRDA:50,3,0,0
BRDA:50,3,1,1
BRDA:52,4,0,1
BRDA:52,4,1,0
BRDA:52,5,0,1
BRDA:52,5,1,1
BRDA:60,6,0,0
BRDA:60,6,1,1
BRDA:65,7,0,0
BRDA:65,7,1,1
BRDA:70,8,0,0
BRDA:70,8,1,1
BRDA:73,9,0,0
BRDA:73,9,1,1
BRDA:75,10,0,0
BRDA:75,10,1,0
BRDA:75,11,0,0
BRDA:75,11,1,0
BRDA:78,12,0,0
BRDA:78,12,1,1
BRDA:80,13,0,0
BRDA:80,13,1,0
BRDA:84,14,0,0
BRDA:84,14,1,1
BRDA:99,15,0,1
BRDA:99,15,1,1
BRDA:109,16,0,0
BRDA:109,16,1,0
BRDA:134,17,0,1
BRDA:134,17,1,1
BRDA:139,18,0,0
BRDA:139,18,1,1
BRDA:148,19,0,0
BRDA:148,19,1,1
BRDA:149,20,0,0
BRDA:149,20,1,1
BRDA:149,21,0,1
BRDA:149,21,1,1
BRDA:160,22,0,0
BRDA:160,22,1,1
BRDA:161,23,0,0
BRDA:161,23,1,1
BRDA:162,24,0,0
BRDA:162,24,1,1
BRDA:165,25,0,0
BRDA:165,25,1,1
BRDA:177,26,0,0
BRDA:177,26,1,2
BRDA:179,27,0,1
BRDA:179,27,1,1
BRDA:182,28,0,0
BRDA:182,28,1,1
BRDA:194,29,0,0
BRDA:194,29,1,1
BRDA:195,30,0,0
BRDA:195,30,1,1
BRDA:196,31,0,0
BRDA:196,31,1,1
BRDA:199,32,0,0
BRDA:199,32,1,1
BRDA:209,33,0,0
BRDA:209,33,1,1
BRDA:210,34,0,0
BRDA:210,34,1,1
BRDA:212,35,0,1
BRDA:212,35,1,0
BRDA:217,36,0,0
BRDA:217,36,1,1
BRDA:231,37,0,0
BRDA:231,37,1,2
BRDA:232,38,0,1
BRDA:232,38,1,1
BRDA:235,39,0,0
BRDA:235,39,1,1
BRDA:257,40,0,0
BRDA:257,40,1,0
BRDA:258,41,0,0
BRDA:258,41,1,0
BRDA:268,42,0,0
BRDA:268,42,1,0
BRDA:269,43,0,0
BRDA:269,43,1,0
BRDA:270,44,0,0
BRDA:270,44,1,0
BRDA:282,45,0,0
BRDA:282,45,1,0
BRDA:283,46,0,0
BRDA:283,46,1,0
BRDA:284,47,0,0
BRDA:284,47,1,0
BRDA:304,48,0,0
BRDA:304,48,1,7
BRF:96
BRH:43
end_of_record
TN:
SF:C:\Users\Joep\Documents\Everyware\Webs5\restrace\routes\backend.js
FN:13,(anonymous_1)
FN:16,(anonymous_2)
FNF:2
FNH:2
FNDA:1,(anonymous_1)
FNDA:1,(anonymous_2)
DA:1,1
DA:2,1
DA:11,1
DA:13,1
DA:16,1
DA:17,1
DA:23,1
LF:7
LH:7
BRF:0
BRH:0
end_of_record
TN:
SF:C:\Users\Joep\Documents\Everyware\Webs5\restrace\app\routes.js
FN:1,(anonymous_1)
FN:6,(anonymous_2)
FN:14,(anonymous_3)
FN:37,(anonymous_4)
FN:51,(anonymous_5)
FN:71,(anonymous_6)
FN:95,(anonymous_7)
FN:102,isLoggedIn
FNF:8
FNH:4
FNDA:1,(anonymous_1)
FNDA:0,(anonymous_2)
FNDA:0,(anonymous_3)
FNDA:0,(anonymous_4)
FNDA:1,(anonymous_5)
FNDA:0,(anonymous_6)
FNDA:3,(anonymous_7)
FNDA:2,isLoggedIn
DA:1,1
DA:6,1
DA:7,0
DA:14,1
DA:16,0
DA:20,1
DA:28,1
DA:37,1
DA:40,0
DA:51,1
DA:52,1
DA:61,1
DA:64,1
DA:71,1
DA:72,0
DA:74,1
DA:83,1
DA:86,1
DA:95,1
DA:96,3
DA:97,3
DA:102,1
DA:105,2
DA:106,1
DA:109,1
LF:25
LH:21
BRDA:105,1,0,1
BRDA:105,1,1,1
BRF:2
BRH:2
end_of_record
