TN:
SF:C:\Users\Joep\Documents\Everyware\Webs5\restrace\config\database.js
FNF:0
FNH:0
DA:1,1
LF:1
LH:1
BRF:0
BRH:0
end_of_record
TN:
SF:C:\Users\Joep\Documents\Everyware\Webs5\restrace\config\passport.js
FN:13,(anonymous_1)
FN:16,(anonymous_2)
FN:21,(anonymous_3)
FN:22,(anonymous_4)
FN:39,(anonymous_5)
FN:41,(anonymous_6)
FN:44,(anonymous_7)
FN:56,(anonymous_8)
FN:68,(anonymous_9)
FN:89,(anonymous_10)
FN:91,(anonymous_11)
FN:92,(anonymous_12)
FN:122,(anonymous_13)
FN:125,(anonymous_14)
FN:131,(anonymous_15)
FN:152,(anonymous_16)
FN:174,(anonymous_17)
FNF:17
FNH:1
FNDA:1,(anonymous_1)
FNDA:0,(anonymous_2)
FNDA:0,(anonymous_3)
FNDA:0,(anonymous_4)
FNDA:0,(anonymous_5)
FNDA:0,(anonymous_6)
FNDA:0,(anonymous_7)
FNDA:0,(anonymous_8)
FNDA:0,(anonymous_9)
FNDA:0,(anonymous_10)
FNDA:0,(anonymous_11)
FNDA:0,(anonymous_12)
FNDA:0,(anonymous_13)
FNDA:0,(anonymous_14)
FNDA:0,(anonymous_15)
FNDA:0,(anonymous_16)
FNDA:0,(anonymous_17)
DA:4,1
DA:5,1
DA:8,1
DA:11,1
DA:13,1
DA:16,1
DA:17,0
DA:21,1
DA:22,0
DA:23,0
DA:33,1
DA:41,0
DA:44,0
DA:46,0
DA:47,0
DA:49,0
DA:50,0
DA:52,0
DA:53,0
DA:54,0
DA:55,0
DA:56,0
DA:57,0
DA:58,0
DA:59,0
DA:65,0
DA:66,0
DA:67,0
DA:68,0
DA:69,0
DA:70,0
DA:71,0
DA:84,1
DA:91,0
DA:92,0
DA:94,0
DA:95,0
DA:97,0
DA:98,0
DA:99,0
DA:100,0
DA:103,0
DA:111,1
DA:125,0
DA:128,0
DA:131,0
DA:135,0
DA:136,0
DA:139,0
DA:140,0
DA:143,0
DA:146,0
DA:147,0
DA:148,0
DA:149,0
DA:152,0
DA:153,0
DA:154,0
DA:157,0
DA:165,0
DA:168,0
DA:169,0
DA:170,0
DA:171,0
DA:174,0
DA:175,0
DA:176,0
DA:177,0
LF:68
LH:10
BRDA:46,1,0,0
BRDA:46,1,1,0
BRDA:49,2,0,0
BRDA:49,2,1,0
BRDA:52,3,0,0
BRDA:52,3,1,0
BRDA:57,4,0,0
BRDA:57,4,1,0
BRDA:69,5,0,0
BRDA:69,5,1,0
BRDA:94,6,0,0
BRDA:94,6,1,0
BRDA:97,7,0,0
BRDA:97,7,1,0
BRDA:99,8,0,0
BRDA:99,8,1,0
BRDA:128,9,0,0
BRDA:128,9,1,0
BRDA:135,10,0,0
BRDA:135,10,1,0
BRDA:139,11,0,0
BRDA:139,11,1,0
BRDA:153,12,0,0
BRDA:153,12,1,0
BRDA:175,13,0,0
BRDA:175,13,1,0
BRF:26
BRH:0
end_of_record
TN:
SF:C:\Users\Joep\Documents\Everyware\Webs5\restrace\app\models\users.js
FN:26,(anonymous_1)
FN:31,(anonymous_2)
FN:34,(anonymous_3)
FN:39,(anonymous_4)
FN:50,(anonymous_5)
FN:55,(anonymous_6)
FNF:6
FNH:0
FNDA:0,(anonymous_1)
FNDA:0,(anonymous_2)
FNDA:0,(anonymous_3)
FNDA:0,(anonymous_4)
FNDA:0,(anonymous_5)
FNDA:0,(anonymous_6)
DA:3,1
DA:4,1
DA:6,1
DA:9,1
DA:26,1
DA:27,0
DA:31,1
DA:32,0
DA:34,1
DA:35,0
DA:36,0
DA:39,0
DA:40,0
DA:41,0
DA:43,0
DA:47,0
DA:50,1
DA:51,0
DA:52,0
DA:55,0
DA:56,0
DA:57,0
DA:59,0
DA:63,0
DA:67,1
LF:25
LH:9
BRDA:35,1,0,0
BRDA:35,1,1,0
BRDA:41,2,0,0
BRDA:41,2,1,0
BRDA:51,3,0,0
BRDA:51,3,1,0
BRDA:57,4,0,0
BRDA:57,4,1,0
BRF:8
BRH:0
end_of_record
TN:
SF:C:\Users\Joep\Documents\Everyware\Webs5\restrace\config\auth.js
FNF:0
FNH:0
DA:2,1
LF:1
LH:1
BRF:0
BRH:0
end_of_record
TN:
SF:C:\Users\Joep\Documents\Everyware\Webs5\restrace\app\models\waypoint.js
FN:1,(anonymous_1)
FN:10,(anonymous_2)
FN:11,(anonymous_3)
FN:13,(anonymous_4)
FNF:4
FNH:1
FNDA:1,(anonymous_1)
FNDA:0,(anonymous_2)
FNDA:0,(anonymous_3)
FNDA:0,(anonymous_4)
DA:1,1
DA:2,1
DA:10,1
DA:11,0
DA:12,0
DA:13,0
DA:14,0
DA:17,0
DA:25,1
DA:28,1
LF:10
LH:5
BRDA:12,1,0,0
BRDA:12,1,1,0
BRF:2
BRH:0
end_of_record
TN:
SF:C:\Users\Joep\Documents\Everyware\Webs5\restrace\app\models\race.js
FN:3,(anonymous_1)
FN:25,(anonymous_2)
FNF:2
FNH:2
FNDA:1,(anonymous_1)
FNDA:3,(anonymous_2)
DA:1,1
DA:3,1
DA:5,1
DA:7,1
DA:25,1
DA:26,3
DA:27,3
DA:28,3
DA:29,1
DA:31,3
DA:33,1
DA:39,1
DA:42,1
LF:13
LH:13
BRDA:28,1,0,1
BRDA:28,1,1,2
BRF:2
BRH:2
end_of_record
TN:
SF:C:\Users\Joep\Documents\Everyware\Webs5\restrace\config\connect-roles.js
FN:3,(anonymous_1)
FN:5,(anonymous_2)
FN:11,(anonymous_3)
FN:19,(anonymous_4)
FN:26,(anonymous_5)
FN:33,(anonymous_6)
FN:40,(anonymous_7)
FN:47,(anonymous_8)
FN:54,(anonymous_9)
FN:59,(anonymous_10)
FN:64,(anonymous_11)
FN:70,(anonymous_12)
FNF:12
FNH:1
FNDA:1,(anonymous_1)
FNDA:0,(anonymous_2)
FNDA:0,(anonymous_3)
FNDA:0,(anonymous_4)
FNDA:0,(anonymous_5)
FNDA:0,(anonymous_6)
FNDA:0,(anonymous_7)
FNDA:0,(anonymous_8)
FNDA:0,(anonymous_9)
FNDA:0,(anonymous_10)
FNDA:0,(anonymous_11)
FNDA:0,(anonymous_12)
DA:1,1
DA:3,1
DA:4,1
DA:6,0
DA:7,0
DA:11,1
DA:12,0
DA:13,0
DA:14,0
DA:15,0
DA:19,1
DA:20,0
DA:21,0
DA:22,0
DA:26,1
DA:27,0
DA:28,0
DA:29,0
DA:33,1
DA:34,0
DA:35,0
DA:36,0
DA:40,1
DA:41,0
DA:42,0
DA:43,0
DA:47,1
DA:48,0
DA:49,0
DA:50,0
DA:54,1
DA:55,0
DA:56,0
DA:59,1
DA:60,0
DA:61,0
DA:64,1
DA:65,0
DA:66,0
DA:70,1
DA:71,0
DA:72,0
DA:76,1
LF:43
LH:14
BRDA:12,1,0,0
BRDA:12,1,1,0
BRDA:13,2,0,0
BRDA:13,2,1,0
BRDA:20,3,0,0
BRDA:20,3,1,0
BRDA:21,4,0,0
BRDA:21,4,1,0
BRDA:27,5,0,0
BRDA:27,5,1,0
BRDA:28,6,0,0
BRDA:28,6,1,0
BRDA:34,7,0,0
BRDA:34,7,1,0
BRDA:35,8,0,0
BRDA:35,8,1,0
BRDA:41,9,0,0
BRDA:41,9,1,0
BRDA:42,10,0,0
BRDA:42,10,1,0
BRDA:48,11,0,0
BRDA:48,11,1,0
BRDA:49,12,0,0
BRDA:49,12,1,0
BRDA:55,13,0,0
BRDA:55,13,1,0
BRDA:60,14,0,0
BRDA:60,14,1,0
BRDA:65,15,0,0
BRDA:65,15,1,0
BRDA:71,16,0,0
BRDA:71,16,1,0
BRF:32
BRH:0
end_of_record
TN:
SF:C:\Users\Joep\Documents\Everyware\Webs5\restrace\routes\index.js
FN:5,(anonymous_1)
FNF:1
FNH:0
FNDA:0,(anonymous_1)
DA:1,1
DA:2,1
DA:5,1
DA:6,0
DA:9,1
LF:5
LH:4
BRF:0
BRH:0
end_of_record
TN:
SF:C:\Users\Joep\Documents\Everyware\Webs5\restrace\routes\waypoints.js
FN:8,getWaypoints
FN:38,RetrieveData
FN:55,(anonymous_3)
FNF:3
FNH:1
FNDA:0,getWaypoints
FNDA:0,RetrieveData
FNDA:1,(anonymous_3)
DA:1,1
DA:2,1
DA:3,1
DA:4,1
DA:6,1
DA:8,1
DA:38,1
DA:55,1
DA:56,1
DA:59,1
DA:62,1
LF:11
LH:11
BRF:0
BRH:0
end_of_record
TN:
SF:C:\Users\Joep\Documents\Everyware\Webs5\restrace\routes\races.js
FN:13,getWaypointById
FN:17,fetchWaypoints
FN:20,(anonymous_3)
FN:22,(anonymous_4)
FN:26,(anonymous_5)
FN:30,(anonymous_6)
FN:62,getRaces
FN:70,(anonymous_8)
FN:104,(anonymous_9)
FN:117,addRace
FN:119,(anonymous_11)
FN:128,editRace
FN:129,(anonymous_13)
FN:153,deleteRace
FN:154,(anonymous_15)
FN:159,(anonymous_16)
FN:166,getWaypoints
FN:168,(anonymous_18)
FN:178,addWaypoint
FN:179,(anonymous_20)
FN:180,(anonymous_21)
FN:185,(anonymous_22)
FN:187,(anonymous_23)
FN:196,deleteWaypoint
FN:197,(anonymous_25)
FN:202,(anonymous_26)
FN:212,addParticipant
FN:214,(anonymous_28)
FN:219,(anonymous_29)
FN:226,addRaceTag
FN:229,(anonymous_31)
FN:236,(anonymous_32)
FN:248,deleteParticipant
FN:249,(anonymous_34)
FN:254,(anonymous_35)
FN:272,getResults
FN:276,(anonymous_37)
FN:322,checkDate
FN:363,(anonymous_39)
FNF:39
FNH:5
FNDA:0,getWaypointById
FNDA:0,fetchWaypoints
FNDA:0,(anonymous_3)
FNDA:0,(anonymous_4)
FNDA:0,(anonymous_5)
FNDA:0,(anonymous_6)
FNDA:1,getRaces
FNDA:0,(anonymous_8)
FNDA:1,(anonymous_9)
FNDA:2,addRace
FNDA:2,(anonymous_11)
FNDA:0,editRace
FNDA:0,(anonymous_13)
FNDA:0,deleteRace
FNDA:0,(anonymous_15)
FNDA:0,(anonymous_16)
FNDA:0,getWaypoints
FNDA:0,(anonymous_18)
FNDA:0,addWaypoint
FNDA:0,(anonymous_20)
FNDA:0,(anonymous_21)
FNDA:0,(anonymous_22)
FNDA:0,(anonymous_23)
FNDA:0,deleteWaypoint
FNDA:0,(anonymous_25)
FNDA:0,(anonymous_26)
FNDA:0,addParticipant
FNDA:0,(anonymous_28)
FNDA:0,(anonymous_29)
FNDA:0,addRaceTag
FNDA:0,(anonymous_31)
FNDA:0,(anonymous_32)
FNDA:0,deleteParticipant
FNDA:0,(anonymous_34)
FNDA:0,(anonymous_35)
FNDA:0,getResults
FNDA:0,(anonymous_37)
FNDA:0,checkDate
FNDA:1,(anonymous_39)
DA:1,1
DA:2,1
DA:3,1
DA:4,1
DA:5,1
DA:6,1
DA:7,1
DA:8,1
DA:9,1
DA:10,1
DA:11,1
DA:13,1
DA:14,0
DA:17,1
DA:18,0
DA:19,0
DA:20,0
DA:21,0
DA:22,0
DA:23,0
DA:26,0
DA:27,0
DA:29,0
DA:30,0
DA:31,0
DA:34,0
DA:35,0
DA:62,1
DA:63,1
DA:64,1
DA:65,1
DA:66,1
DA:67,0
DA:68,0
DA:69,0
DA:70,0
DA:71,0
DA:73,0
DA:74,0
DA:76,0
DA:80,1
DA:81,1
DA:82,0
DA:83,0
DA:84,0
DA:86,1
DA:87,0
DA:88,0
DA:89,0
DA:91,1
DA:92,0
DA:94,1
DA:95,0
DA:96,0
DA:97,0
DA:99,1
DA:100,0
DA:101,0
DA:102,0
DA:104,1
DA:105,1
DA:106,1
DA:112,1
DA:117,1
DA:118,2
DA:119,2
DA:120,2
DA:122,1
DA:123,1
DA:128,1
DA:129,0
DA:130,0
DA:132,0
DA:133,0
DA:153,1
DA:154,0
DA:155,0
DA:156,0
DA:157,0
DA:159,0
DA:160,0
DA:161,0
DA:166,1
DA:167,0
DA:169,0
DA:170,0
DA:171,0
DA:173,0
DA:178,1
DA:179,0
DA:180,0
DA:181,0
DA:182,0
DA:183,0
DA:184,0
DA:185,0
DA:186,0
DA:187,0
DA:188,0
DA:189,0
DA:196,1
DA:197,0
DA:198,0
DA:199,0
DA:200,0
DA:201,0
DA:202,0
DA:203,0
DA:204,0
DA:207,0
DA:212,1
DA:213,0
DA:214,0
DA:215,0
DA:216,0
DA:217,0
DA:218,0
DA:219,0
DA:220,0
DA:221,0
DA:226,1
DA:227,0
DA:228,0
DA:229,0
DA:230,0
DA:231,0
DA:233,0
DA:234,0
DA:235,0
DA:236,0
DA:237,0
DA:238,0
DA:242,0
DA:248,1
DA:249,0
DA:250,0
DA:251,0
DA:252,0
DA:253,0
DA:254,0
DA:255,0
DA:256,0
DA:259,0
DA:272,1
DA:273,0
DA:274,0
DA:276,0
DA:277,0
DA:278,0
DA:279,0
DA:281,0
DA:282,0
DA:283,0
DA:284,0
DA:285,0
DA:286,0
DA:287,0
DA:288,0
DA:289,0
DA:290,0
DA:291,0
DA:294,0
DA:299,0
DA:300,0
DA:301,0
DA:302,0
DA:303,0
DA:304,0
DA:305,0
DA:308,0
DA:312,0
DA:313,0
DA:315,0
DA:318,0
DA:322,1
DA:323,0
DA:324,0
DA:325,0
DA:327,0
DA:333,1
DA:337,1
DA:342,1
DA:345,1
DA:349,1
DA:352,1
DA:355,1
DA:358,1
DA:363,1
DA:364,1
DA:365,1
DA:366,1
DA:367,1
DA:368,1
LF:193
LH:58
BRDA:27,1,0,0
BRDA:27,1,1,0
BRDA:66,2,0,0
BRDA:66,2,1,1
BRDA:71,3,0,0
BRDA:71,3,1,0
BRDA:73,4,0,0
BRDA:73,4,1,0
BRDA:73,5,0,0
BRDA:73,5,1,0
BRDA:81,6,0,0
BRDA:81,6,1,1
BRDA:86,7,0,0
BRDA:86,7,1,1
BRDA:91,8,0,0
BRDA:91,8,1,1
BRDA:94,9,0,0
BRDA:94,9,1,1
BRDA:96,10,0,0
BRDA:96,10,1,0
BRDA:96,11,0,0
BRDA:96,11,1,0
BRDA:99,12,0,0
BRDA:99,12,1,1
BRDA:101,13,0,0
BRDA:101,13,1,0
BRDA:105,14,0,0
BRDA:105,14,1,1
BRDA:120,15,0,1
BRDA:120,15,1,1
BRDA:130,16,0,0
BRDA:130,16,1,0
BRDA:155,17,0,0
BRDA:155,17,1,0
BRDA:160,18,0,0
BRDA:160,18,1,0
BRDA:169,19,0,0
BRDA:169,19,1,0
BRDA:170,20,0,0
BRDA:170,20,1,0
BRDA:170,21,0,0
BRDA:170,21,1,0
BRDA:181,22,0,0
BRDA:181,22,1,0
BRDA:182,23,0,0
BRDA:182,23,1,0
BRDA:183,24,0,0
BRDA:183,24,1,0
BRDA:186,25,0,0
BRDA:186,25,1,0
BRDA:198,26,0,0
BRDA:198,26,1,0
BRDA:200,27,0,0
BRDA:200,27,1,0
BRDA:203,28,0,0
BRDA:203,28,1,0
BRDA:215,29,0,0
BRDA:215,29,1,0
BRDA:216,30,0,0
BRDA:216,30,1,0
BRDA:217,31,0,0
BRDA:217,31,1,0
BRDA:220,32,0,0
BRDA:220,32,1,0
BRDA:230,33,0,0
BRDA:230,33,1,0
BRDA:231,34,0,0
BRDA:231,34,1,0
BRDA:233,35,0,0
BRDA:233,35,1,0
BRDA:237,36,0,0
BRDA:237,36,1,0
BRDA:251,37,0,0
BRDA:251,37,1,0
BRDA:252,38,0,0
BRDA:252,38,1,0
BRDA:255,39,0,0
BRDA:255,39,1,0
BRDA:277,40,0,0
BRDA:277,40,1,0
BRDA:278,41,0,0
BRDA:278,41,1,0
BRDA:288,42,0,0
BRDA:288,42,1,0
BRDA:289,43,0,0
BRDA:289,43,1,0
BRDA:290,44,0,0
BRDA:290,44,1,0
BRDA:302,45,0,0
BRDA:302,45,1,0
BRDA:303,46,0,0
BRDA:303,46,1,0
BRDA:304,47,0,0
BRDA:304,47,1,0
BRDA:324,48,0,0
BRDA:324,48,1,0
BRF:96
BRH:9
end_of_record
TN:
SF:C:\Users\Joep\Documents\Everyware\Webs5\restrace\routes\backend.js
FN:9,(anonymous_1)
FNF:1
FNH:0
FNDA:0,(anonymous_1)
DA:1,1
DA:2,1
DA:9,1
DA:10,0
DA:11,0
DA:17,1
LF:6
LH:4
BRF:0
BRH:0
end_of_record
TN:
SF:C:\Users\Joep\Documents\Everyware\Webs5\restrace\app\routes.js
FN:1,(anonymous_1)
FN:6,(anonymous_2)
FN:14,(anonymous_3)
FN:37,(anonymous_4)
FN:51,(anonymous_5)
FN:71,(anonymous_6)
FN:95,(anonymous_7)
FN:102,isLoggedIn
FNF:8
FNH:1
FNDA:1,(anonymous_1)
FNDA:0,(anonymous_2)
FNDA:0,(anonymous_3)
FNDA:0,(anonymous_4)
FNDA:0,(anonymous_5)
FNDA:0,(anonymous_6)
FNDA:0,(anonymous_7)
FNDA:0,isLoggedIn
DA:1,1
DA:6,1
DA:7,0
DA:14,1
DA:16,0
DA:20,1
DA:28,1
DA:37,1
DA:40,0
DA:51,1
DA:52,0
DA:61,1
DA:64,1
DA:71,1
DA:72,0
DA:74,1
DA:83,1
DA:86,1
DA:95,1
DA:96,0
DA:97,0
DA:102,1
DA:105,0
DA:106,0
DA:109,0
LF:25
LH:15
BRDA:105,1,0,0
BRDA:105,1,1,0
BRF:2
BRH:0
end_of_record
